<?xml version="1.0" encoding="UTF-8"?>
<!DOCTYPE coverage SYSTEM "http://cobertura.sourceforge.net/xml/coverage-03.dtd">
<coverage line-rate="0" branch-rate="0" version="" timestamp="1452073441708">
	<packages>
		<package name="github.com/antha-lang/antha/antha/anthalib/wunit" line-rate="0" branch-rate="0" complexity="0">
			<classes>
				<class name="parseError" filename="/go/src/github.com/antha-lang/antha/antha/anthalib/wunit/siunit.peg.go" line-rate="0" branch-rate="0" complexity="0">
					<methods>
						<method name="Error" signature="" line-rate="0" branch-rate="0">
							<lines>
								<line number="671" hits="0"></line>
								<line number="672" hits="0"></line>
								<line number="673" hits="0"></line>
								<line number="674" hits="0"></line>
								<line number="675" hits="0"></line>
								<line number="677" hits="0"></line>
								<line number="678" hits="0"></line>
								<line number="679" hits="0"></line>
								<line number="680" hits="0"></line>
								<line number="687" hits="0"></line>
							</lines>
						</method>
					</methods>
					<lines>
						<line number="671" hits="0"></line>
						<line number="672" hits="0"></line>
						<line number="673" hits="0"></line>
						<line number="674" hits="0"></line>
						<line number="675" hits="0"></line>
						<line number="677" hits="0"></line>
						<line number="678" hits="0"></line>
						<line number="679" hits="0"></line>
						<line number="680" hits="0"></line>
						<line number="687" hits="0"></line>
					</lines>
				</class>
				<class name="SIPrefixedUnitGrammar" filename="/go/src/github.com/antha-lang/antha/antha/anthalib/wunit/siunit.peg.go" line-rate="0" branch-rate="0" complexity="0">
					<methods>
						<method name="PrintSyntaxTree" signature="" line-rate="0" branch-rate="0">
							<lines>
								<line number="691" hits="0"></line>
							</lines>
						</method>
						<method name="Highlighter" signature="" line-rate="0" branch-rate="0">
							<lines>
								<line number="695" hits="0"></line>
							</lines>
						</method>
						<method name="Execute" signature="" line-rate="0" branch-rate="0">
							<lines>
								<line number="699" hits="1"></line>
								<line number="700" hits="1"></line>
								<line number="701" hits="1"></line>
								<line number="703" hits="1"></line>
								<line number="705" hits="1"></line>
								<line number="707" hits="1"></line>
								<line number="709" hits="1"></line>
							</lines>
						</method>
						<method name="Init" signature="" line-rate="0" branch-rate="0">
							<lines>
								<line number="716" hits="1"></line>
								<line number="717" hits="1"></line>
								<line number="718" hits="1"></line>
								<line number="721" hits="1"></line>
								<line number="722" hits="1"></line>
								<line number="724" hits="1"></line>
								<line number="738" hits="1"></line>
								<line number="742" hits="1"></line>
								<line number="758" hits="1"></line>
								<line number="1221" hits="1"></line>
							</lines>
						</method>
					</methods>
					<lines>
						<line number="691" hits="0"></line>
						<line number="695" hits="0"></line>
						<line number="699" hits="1"></line>
						<line number="700" hits="1"></line>
						<line number="701" hits="1"></line>
						<line number="703" hits="1"></line>
						<line number="705" hits="1"></line>
						<line number="707" hits="1"></line>
						<line number="709" hits="1"></line>
						<line number="716" hits="1"></line>
						<line number="717" hits="1"></line>
						<line number="718" hits="1"></line>
						<line number="721" hits="1"></line>
						<line number="722" hits="1"></line>
						<line number="724" hits="1"></line>
						<line number="738" hits="1"></line>
						<line number="742" hits="1"></line>
						<line number="758" hits="1"></line>
						<line number="1221" hits="1"></line>
					</lines>
				</class>
				<class name="node32" filename="/go/src/github.com/antha-lang/antha/antha/anthalib/wunit/siunit.peg.go" line-rate="0" branch-rate="0" complexity="0">
					<methods>
						<method name="print" signature="" line-rate="0" branch-rate="0">
							<lines>
								<line number="85" hits="0"></line>
								<line number="86" hits="0"></line>
								<line number="87" hits="0"></line>
								<line number="89" hits="0"></line>
								<line number="90" hits="0"></line>
								<line number="91" hits="0"></line>
								<line number="93" hits="0"></line>
							</lines>
						</method>
						<method name="Print" signature="" line-rate="0" branch-rate="0">
							<lines>
								<line number="98" hits="0"></line>
							</lines>
						</method>
					</methods>
					<lines>
						<line number="85" hits="0"></line>
						<line number="86" hits="0"></line>
						<line number="87" hits="0"></line>
						<line number="89" hits="0"></line>
						<line number="90" hits="0"></line>
						<line number="91" hits="0"></line>
						<line number="93" hits="0"></line>
						<line number="98" hits="0"></line>
					</lines>
				</class>
				<class name="token16" filename="/go/src/github.com/antha-lang/antha/antha/anthalib/wunit/siunit.peg.go" line-rate="0" branch-rate="0" complexity="0">
					<methods>
						<method name="isZero" signature="" line-rate="0" branch-rate="0">
							<lines>
								<line number="113" hits="0"></line>
							</lines>
						</method>
						<method name="isParentOf" signature="" line-rate="0" branch-rate="0">
							<lines>
								<line number="117" hits="0"></line>
							</lines>
						</method>
						<method name="getToken32" signature="" line-rate="0" branch-rate="0">
							<lines>
								<line number="121" hits="1"></line>
							</lines>
						</method>
						<method name="String" signature="" line-rate="0" branch-rate="0">
							<lines>
								<line number="125" hits="0"></line>
							</lines>
						</method>
					</methods>
					<lines>
						<line number="113" hits="0"></line>
						<line number="117" hits="0"></line>
						<line number="121" hits="1"></line>
						<line number="125" hits="0"></line>
					</lines>
				</class>
				<class name="tokens16" filename="/go/src/github.com/antha-lang/antha/antha/anthalib/wunit/siunit.peg.go" line-rate="0" branch-rate="0" complexity="0">
					<methods>
						<method name="trim" signature="" line-rate="0" branch-rate="0">
							<lines>
								<line number="134" hits="1"></line>
							</lines>
						</method>
						<method name="Print" signature="" line-rate="0" branch-rate="0">
							<lines>
								<line number="138" hits="0"></line>
								<line number="139" hits="0"></line>
							</lines>
						</method>
						<method name="Order" signature="" line-rate="0" branch-rate="0">
							<lines>
								<line number="144" hits="0"></line>
								<line number="145" hits="0"></line>
								<line number="148" hits="0"></line>
								<line number="149" hits="0"></line>
								<line number="150" hits="0"></line>
								<line number="151" hits="0"></line>
								<line number="152" hits="0"></line>
								<line number="154" hits="0"></line>
								<line number="155" hits="0"></line>
								<line number="156" hits="0"></line>
								<line number="158" hits="0"></line>
								<line number="160" hits="0"></line>
								<line number="162" hits="0"></line>
								<line number="163" hits="0"></line>
								<line number="164" hits="0"></line>
								<line number="165" hits="0"></line>
								<line number="168" hits="0"></line>
								<line number="169" hits="0"></line>
								<line number="170" hits="0"></line>
								<line number="171" hits="0"></line>
								<line number="172" hits="0"></line>
								<line number="174" hits="0"></line>
								<line number="175" hits="0"></line>
							</lines>
						</method>
						<method name="AST" signature="" line-rate="0" branch-rate="0">
							<lines>
								<line number="185" hits="0"></line>
								<line number="186" hits="0"></line>
								<line number="187" hits="0"></line>
								<line number="188" hits="0"></line>
								<line number="189" hits="0"></line>
								<line number="191" hits="0"></line>
								<line number="192" hits="0"></line>
								<line number="193" hits="0"></line>
								<line number="194" hits="0"></line>
								<line number="195" hits="0"></line>
								<line number="197" hits="0"></line>
								<line number="199" hits="0"></line>
							</lines>
						</method>
						<method name="PreOrder" signature="" line-rate="0" branch-rate="0">
							<lines>
								<line number="203" hits="0"></line>
								<line number="204" hits="0"></line>
								<line number="272" hits="0"></line>
							</lines>
						</method>
						<method name="PrintSyntax" signature="" line-rate="0" branch-rate="0">
							<lines>
								<line number="276" hits="0"></line>
								<line number="277" hits="0"></line>
								<line number="278" hits="0"></line>
								<line number="279" hits="0"></line>
								<line number="280" hits="0"></line>
								<line number="281" hits="0"></line>
								<line number="282" hits="0"></line>
								<line number="284" hits="0"></line>
								<line number="285" hits="0"></line>
								<line number="286" hits="0"></line>
								<line number="287" hits="0"></line>
								<line number="288" hits="0"></line>
								<line number="290" hits="0"></line>
								<line number="292" hits="0"></line>
								<line number="293" hits="0"></line>
								<line number="294" hits="0"></line>
								<line number="295" hits="0"></line>
								<line number="297" hits="0"></line>
								<line number="298" hits="0"></line>
								<line number="299" hits="0"></line>
								<line number="300" hits="0"></line>
								<line number="303" hits="0"></line>
								<line number="305" hits="0"></line>
								<line number="306" hits="0"></line>
								<line number="307" hits="0"></line>
								<line number="309" hits="0"></line>
								<line number="311" hits="0"></line>
							</lines>
						</method>
						<method name="PrintSyntaxTree" signature="" line-rate="0" branch-rate="0">
							<lines>
								<line number="317" hits="0"></line>
								<line number="318" hits="0"></line>
								<line number="319" hits="0"></line>
								<line number="320" hits="0"></line>
								<line number="322" hits="0"></line>
							</lines>
						</method>
						<method name="Add" signature="" line-rate="0" branch-rate="0">
							<lines>
								<line number="327" hits="1"></line>
							</lines>
						</method>
						<method name="Tokens" signature="" line-rate="0" branch-rate="0">
							<lines>
								<line number="331" hits="1"></line>
								<line number="332" hits="1"></line>
								<line number="338" hits="1"></line>
							</lines>
						</method>
						<method name="Error" signature="" line-rate="0" branch-rate="0">
							<lines>
								<line number="342" hits="0"></line>
								<line number="343" hits="0"></line>
								<line number="344" hits="0"></line>
								<line number="345" hits="0"></line>
								<line number="346" hits="0"></line>
								<line number="347" hits="0"></line>
								<line number="348" hits="0"></line>
								<line number="351" hits="0"></line>
							</lines>
						</method>
						<method name="Expand" signature="" line-rate="0" branch-rate="0">
							<lines>
								<line number="603" hits="1"></line>
								<line number="604" hits="1"></line>
								<line number="605" hits="0"></line>
								<line number="606" hits="0"></line>
								<line number="607" hits="0"></line>
								<line number="609" hits="0"></line>
								<line number="611" hits="1"></line>
							</lines>
						</method>
					</methods>
					<lines>
						<line number="134" hits="1"></line>
						<line number="138" hits="0"></line>
						<line number="139" hits="0"></line>
						<line number="144" hits="0"></line>
						<line number="145" hits="0"></line>
						<line number="148" hits="0"></line>
						<line number="149" hits="0"></line>
						<line number="150" hits="0"></line>
						<line number="151" hits="0"></line>
						<line number="152" hits="0"></line>
						<line number="154" hits="0"></line>
						<line number="155" hits="0"></line>
						<line number="156" hits="0"></line>
						<line number="158" hits="0"></line>
						<line number="160" hits="0"></line>
						<line number="162" hits="0"></line>
						<line number="163" hits="0"></line>
						<line number="164" hits="0"></line>
						<line number="165" hits="0"></line>
						<line number="168" hits="0"></line>
						<line number="169" hits="0"></line>
						<line number="170" hits="0"></line>
						<line number="171" hits="0"></line>
						<line number="172" hits="0"></line>
						<line number="174" hits="0"></line>
						<line number="175" hits="0"></line>
						<line number="185" hits="0"></line>
						<line number="186" hits="0"></line>
						<line number="187" hits="0"></line>
						<line number="188" hits="0"></line>
						<line number="189" hits="0"></line>
						<line number="191" hits="0"></line>
						<line number="192" hits="0"></line>
						<line number="193" hits="0"></line>
						<line number="194" hits="0"></line>
						<line number="195" hits="0"></line>
						<line number="197" hits="0"></line>
						<line number="199" hits="0"></line>
						<line number="203" hits="0"></line>
						<line number="204" hits="0"></line>
						<line number="272" hits="0"></line>
						<line number="276" hits="0"></line>
						<line number="277" hits="0"></line>
						<line number="278" hits="0"></line>
						<line number="279" hits="0"></line>
						<line number="280" hits="0"></line>
						<line number="281" hits="0"></line>
						<line number="282" hits="0"></line>
						<line number="284" hits="0"></line>
						<line number="285" hits="0"></line>
						<line number="286" hits="0"></line>
						<line number="287" hits="0"></line>
						<line number="288" hits="0"></line>
						<line number="290" hits="0"></line>
						<line number="292" hits="0"></line>
						<line number="293" hits="0"></line>
						<line number="294" hits="0"></line>
						<line number="295" hits="0"></line>
						<line number="297" hits="0"></line>
						<line number="298" hits="0"></line>
						<line number="299" hits="0"></line>
						<line number="300" hits="0"></line>
						<line number="303" hits="0"></line>
						<line number="305" hits="0"></line>
						<line number="306" hits="0"></line>
						<line number="307" hits="0"></line>
						<line number="309" hits="0"></line>
						<line number="311" hits="0"></line>
						<line number="317" hits="0"></line>
						<line number="318" hits="0"></line>
						<line number="319" hits="0"></line>
						<line number="320" hits="0"></line>
						<line number="322" hits="0"></line>
						<line number="327" hits="1"></line>
						<line number="331" hits="1"></line>
						<line number="332" hits="1"></line>
						<line number="338" hits="1"></line>
						<line number="342" hits="0"></line>
						<line number="343" hits="0"></line>
						<line number="344" hits="0"></line>
						<line number="345" hits="0"></line>
						<line number="346" hits="0"></line>
						<line number="347" hits="0"></line>
						<line number="348" hits="0"></line>
						<line number="351" hits="0"></line>
						<line number="603" hits="1"></line>
						<line number="604" hits="1"></line>
						<line number="605" hits="0"></line>
						<line number="606" hits="0"></line>
						<line number="607" hits="0"></line>
						<line number="609" hits="0"></line>
						<line number="611" hits="1"></line>
					</lines>
				</class>
				<class name="-" filename="/go/src/github.com/antha-lang/antha/antha/anthalib/wunit/siunit.peg.go" line-rate="0" branch-rate="0" complexity="0">
					<methods>
						<method name="@204:5" signature="" line-rate="0" branch-rate="0">
							<lines>
								<line number="205" hits="0"></line>
								<line number="206" hits="0"></line>
								<line number="207" hits="0"></line>
								<line number="209" hits="0"></line>
								<line number="210" hits="0"></line>
								<line number="217" hits="0"></line>
								<line number="218" hits="0"></line>
								<line number="219" hits="0"></line>
								<line number="220" hits="0"></line>
								<line number="221" hits="0"></line>
								<line number="223" hits="0"></line>
								<line number="224" hits="0"></line>
								<line number="225" hits="0"></line>
								<line number="227" hits="0"></line>
								<line number="228" hits="0"></line>
								<line number="230" hits="0"></line>
								<line number="234" hits="0"></line>
								<line number="235" hits="0"></line>
								<line number="237" hits="0"></line>
								<line number="240" hits="0"></line>
								<line number="241" hits="0"></line>
								<line number="242" hits="0"></line>
								<line number="243" hits="0"></line>
								<line number="244" hits="0"></line>
								<line number="245" hits="0"></line>
								<line number="248" hits="0"></line>
								<line number="249" hits="0"></line>
								<line number="250" hits="0"></line>
								<line number="251" hits="0"></line>
								<line number="252" hits="0"></line>
								<line number="253" hits="0"></line>
								<line number="254" hits="0"></line>
								<line number="255" hits="0"></line>
								<line number="256" hits="0"></line>
								<line number="259" hits="0"></line>
								<line number="260" hits="0"></line>
								<line number="261" hits="0"></line>
								<line number="262" hits="0"></line>
								<line number="263" hits="0"></line>
								<line number="266" hits="0"></line>
								<line number="270" hits="0"></line>
							</lines>
						</method>
						<method name="@210:12" signature="" line-rate="0" branch-rate="0">
							<lines>
								<line number="211" hits="0"></line>
								<line number="212" hits="0"></line>
								<line number="213" hits="0"></line>
								<line number="214" hits="0"></line>
							</lines>
						</method>
						<method name="@332:5" signature="" line-rate="0" branch-rate="0">
							<lines>
								<line number="333" hits="1"></line>
								<line number="334" hits="1"></line>
								<line number="336" hits="1"></line>
							</lines>
						</method>
						<method name="@452:5" signature="" line-rate="0" branch-rate="0">
							<lines>
								<line number="453" hits="0"></line>
								<line number="454" hits="0"></line>
								<line number="455" hits="0"></line>
								<line number="457" hits="0"></line>
								<line number="458" hits="0"></line>
								<line number="465" hits="0"></line>
								<line number="466" hits="0"></line>
								<line number="467" hits="0"></line>
								<line number="468" hits="0"></line>
								<line number="469" hits="0"></line>
								<line number="471" hits="0"></line>
								<line number="472" hits="0"></line>
								<line number="473" hits="0"></line>
								<line number="475" hits="0"></line>
								<line number="476" hits="0"></line>
								<line number="478" hits="0"></line>
								<line number="482" hits="0"></line>
								<line number="483" hits="0"></line>
								<line number="485" hits="0"></line>
								<line number="488" hits="0"></line>
								<line number="489" hits="0"></line>
								<line number="490" hits="0"></line>
								<line number="491" hits="0"></line>
								<line number="492" hits="0"></line>
								<line number="493" hits="0"></line>
								<line number="496" hits="0"></line>
								<line number="497" hits="0"></line>
								<line number="498" hits="0"></line>
								<line number="499" hits="0"></line>
								<line number="500" hits="0"></line>
								<line number="501" hits="0"></line>
								<line number="502" hits="0"></line>
								<line number="503" hits="0"></line>
								<line number="504" hits="0"></line>
								<line number="507" hits="0"></line>
								<line number="508" hits="0"></line>
								<line number="509" hits="0"></line>
								<line number="510" hits="0"></line>
								<line number="511" hits="0"></line>
								<line number="514" hits="0"></line>
								<line number="518" hits="0"></line>
							</lines>
						</method>
						<method name="@458:12" signature="" line-rate="0" branch-rate="0">
							<lines>
								<line number="459" hits="0"></line>
								<line number="460" hits="0"></line>
								<line number="461" hits="0"></line>
								<line number="462" hits="0"></line>
							</lines>
						</method>
						<method name="@580:5" signature="" line-rate="0" branch-rate="0">
							<lines>
								<line number="581" hits="0"></line>
								<line number="582" hits="0"></line>
								<line number="584" hits="0"></line>
							</lines>
						</method>
						<method name="translatePositions" signature="" line-rate="0" branch-rate="0">
							<lines>
								<line number="642" hits="0"></line>
								<line number="643" hits="0"></line>
								<line number="645" hits="0"></line>
								<line number="647" hits="0"></line>
								<line number="648" hits="0"></line>
								<line number="650" hits="0"></line>
								<line number="652" hits="0"></line>
								<line number="653" hits="0"></line>
								<line number="654" hits="0"></line>
								<line number="655" hits="0"></line>
								<line number="656" hits="0"></line>
								<line number="659" hits="0"></line>
								<line number="663" hits="0"></line>
							</lines>
						</method>
						<method name="@724:12" signature="" line-rate="0" branch-rate="0">
							<lines>
								<line number="725" hits="1"></line>
								<line number="726" hits="1"></line>
								<line number="727" hits="0"></line>
								<line number="729" hits="1"></line>
								<line number="730" hits="1"></line>
								<line number="731" hits="1"></line>
								<line number="732" hits="1"></line>
								<line number="733" hits="1"></line>
								<line number="735" hits="0"></line>
							</lines>
						</method>
						<method name="@738:12" signature="" line-rate="0" branch-rate="0">
							<lines>
								<line number="739" hits="0"></line>
							</lines>
						</method>
						<method name="@742:9" signature="" line-rate="0" branch-rate="0">
							<lines>
								<line number="743" hits="1"></line>
								<line number="744" hits="0"></line>
								<line number="746" hits="1"></line>
								<line number="747" hits="1"></line>
							</lines>
						</method>
						<method name="@761:3" signature="" line-rate="0" branch-rate="0">
							<lines>
								<line number="762" hits="1"></line>
								<line number="764" hits="1"></line>
								<line number="765" hits="1"></line>
								<line number="767" hits="1"></line>
								<line number="768" hits="1"></line>
								<line number="769" hits="1"></line>
								<line number="772" hits="1"></line>
								<line number="773" hits="1"></line>
								<line number="774" hits="0"></line>
								<line number="776" hits="1"></line>
								<line number="778" hits="1"></line>
								<line number="779" hits="0"></line>
								<line number="782" hits="1"></line>
								<line number="784" hits="0"></line>
								<line number="786" hits="1"></line>
								<line number="787" hits="0"></line>
								<line number="789" hits="1"></line>
								<line number="790" hits="1"></line>
								<line number="792" hits="1"></line>
								<line number="793" hits="1"></line>
								<line number="795" hits="1"></line>
							</lines>
						</method>
						<method name="@798:3" signature="" line-rate="0" branch-rate="0">
							<lines>
								<line number="799" hits="1"></line>
								<line number="801" hits="1"></line>
								<line number="802" hits="1"></line>
								<line number="804" hits="1"></line>
								<line number="805" hits="1"></line>
								<line number="807" hits="1"></line>
								<line number="808" hits="1"></line>
								<line number="809" hits="1"></line>
								<line number="811" hits="0"></line>
								<line number="812" hits="0"></line>
								<line number="813" hits="0"></line>
								<line number="815" hits="0"></line>
								<line number="816" hits="1"></line>
								<line number="818" hits="0"></line>
								<line number="819" hits="0"></line>
								<line number="820" hits="0"></line>
								<line number="822" hits="0"></line>
								<line number="823" hits="1"></line>
								<line number="825" hits="0"></line>
								<line number="826" hits="0"></line>
								<line number="827" hits="0"></line>
								<line number="829" hits="0"></line>
								<line number="830" hits="1"></line>
								<line number="832" hits="0"></line>
								<line number="833" hits="0"></line>
								<line number="834" hits="0"></line>
								<line number="836" hits="0"></line>
								<line number="837" hits="1"></line>
								<line number="839" hits="0"></line>
								<line number="840" hits="0"></line>
								<line number="841" hits="0"></line>
								<line number="843" hits="0"></line>
								<line number="844" hits="1"></line>
								<line number="846" hits="0"></line>
								<line number="847" hits="0"></line>
								<line number="848" hits="0"></line>
								<line number="850" hits="0"></line>
								<line number="851" hits="1"></line>
								<line number="853" hits="1"></line>
								<line number="854" hits="1"></line>
								<line number="855" hits="0"></line>
								<line number="857" hits="0"></line>
								<line number="858" hits="1"></line>
								<line number="860" hits="0"></line>
								<line number="861" hits="0"></line>
								<line number="862" hits="0"></line>
								<line number="864" hits="0"></line>
								<line number="865" hits="1"></line>
								<line number="867" hits="0"></line>
								<line number="868" hits="0"></line>
								<line number="869" hits="0"></line>
								<line number="871" hits="0"></line>
								<line number="872" hits="1"></line>
								<line number="874" hits="0"></line>
								<line number="875" hits="0"></line>
								<line number="876" hits="0"></line>
								<line number="878" hits="0"></line>
								<line number="879" hits="1"></line>
								<line number="881" hits="0"></line>
								<line number="882" hits="0"></line>
								<line number="883" hits="0"></line>
								<line number="885" hits="0"></line>
								<line number="886" hits="1"></line>
								<line number="888" hits="0"></line>
								<line number="889" hits="0"></line>
								<line number="890" hits="0"></line>
								<line number="892" hits="0"></line>
								<line number="893" hits="1"></line>
								<line number="895" hits="1"></line>
								<line number="896" hits="1"></line>
								<line number="897" hits="0"></line>
								<line number="899" hits="0"></line>
								<line number="900" hits="1"></line>
								<line number="902" hits="1"></line>
								<line number="903" hits="1"></line>
								<line number="904" hits="0"></line>
								<line number="906" hits="0"></line>
								<line number="907" hits="1"></line>
								<line number="909" hits="0"></line>
								<line number="910" hits="0"></line>
								<line number="911" hits="0"></line>
								<line number="913" hits="0"></line>
								<line number="914" hits="1"></line>
								<line number="916" hits="0"></line>
								<line number="917" hits="0"></line>
								<line number="918" hits="0"></line>
								<line number="920" hits="0"></line>
								<line number="921" hits="1"></line>
								<line number="923" hits="0"></line>
								<line number="924" hits="0"></line>
								<line number="925" hits="0"></line>
								<line number="927" hits="0"></line>
								<line number="928" hits="1"></line>
								<line number="930" hits="0"></line>
								<line number="931" hits="0"></line>
								<line number="932" hits="0"></line>
								<line number="934" hits="0"></line>
								<line number="935" hits="1"></line>
								<line number="937" hits="0"></line>
								<line number="938" hits="0"></line>
								<line number="939" hits="0"></line>
								<line number="941" hits="0"></line>
								<line number="942" hits="1"></line>
								<line number="944" hits="0"></line>
								<line number="945" hits="0"></line>
								<line number="946" hits="0"></line>
								<line number="948" hits="0"></line>
								<line number="950" hits="0"></line>
								<line number="952" hits="0"></line>
								<line number="954" hits="1"></line>
								<line number="955" hits="0"></line>
								<line number="957" hits="1"></line>
								<line number="958" hits="1"></line>
								<line number="960" hits="1"></line>
								<line number="961" hits="1"></line>
								<line number="963" hits="1"></line>
							</lines>
						</method>
						<method name="@966:3" signature="" line-rate="0" branch-rate="0">
							<lines>
								<line number="967" hits="1"></line>
								<line number="969" hits="1"></line>
								<line number="970" hits="1"></line>
								<line number="972" hits="1"></line>
								<line number="973" hits="1"></line>
								<line number="975" hits="1"></line>
								<line number="976" hits="1"></line>
								<line number="977" hits="1"></line>
								<line number="979" hits="0"></line>
								<line number="980" hits="0"></line>
								<line number="981" hits="0"></line>
								<line number="983" hits="0"></line>
								<line number="984" hits="0"></line>
								<line number="985" hits="0"></line>
								<line number="987" hits="0"></line>
								<line number="988" hits="0"></line>
								<line number="989" hits="0"></line>
								<line number="991" hits="0"></line>
								<line number="992" hits="0"></line>
								<line number="993" hits="0"></line>
								<line number="995" hits="0"></line>
								<line number="996" hits="1"></line>
								<line number="998" hits="0"></line>
								<line number="999" hits="0"></line>
								<line number="1000" hits="0"></line>
								<line number="1002" hits="0"></line>
								<line number="1003" hits="0"></line>
								<line number="1004" hits="0"></line>
								<line number="1006" hits="0"></line>
								<line number="1007" hits="0"></line>
								<line number="1008" hits="0"></line>
								<line number="1010" hits="0"></line>
								<line number="1011" hits="0"></line>
								<line number="1012" hits="0"></line>
								<line number="1014" hits="0"></line>
								<line number="1015" hits="0"></line>
								<line number="1016" hits="0"></line>
								<line number="1018" hits="0"></line>
								<line number="1019" hits="0"></line>
								<line number="1020" hits="0"></line>
								<line number="1022" hits="0"></line>
								<line number="1023" hits="0"></line>
								<line number="1024" hits="0"></line>
								<line number="1026" hits="0"></line>
								<line number="1027" hits="1"></line>
								<line number="1029" hits="0"></line>
								<line number="1030" hits="0"></line>
								<line number="1031" hits="0"></line>
								<line number="1033" hits="0"></line>
								<line number="1034" hits="0"></line>
								<line number="1035" hits="0"></line>
								<line number="1037" hits="0"></line>
								<line number="1038" hits="0"></line>
								<line number="1039" hits="0"></line>
								<line number="1041" hits="0"></line>
								<line number="1042" hits="0"></line>
								<line number="1043" hits="0"></line>
								<line number="1045" hits="0"></line>
								<line number="1046" hits="0"></line>
								<line number="1047" hits="0"></line>
								<line number="1049" hits="0"></line>
								<line number="1050" hits="0"></line>
								<line number="1051" hits="0"></line>
								<line number="1053" hits="0"></line>
								<line number="1054" hits="0"></line>
								<line number="1055" hits="0"></line>
								<line number="1057" hits="0"></line>
								<line number="1058" hits="1"></line>
								<line number="1060" hits="1"></line>
								<line number="1061" hits="1"></line>
								<line number="1062" hits="0"></line>
								<line number="1064" hits="1"></line>
								<line number="1065" hits="1"></line>
								<line number="1066" hits="0"></line>
								<line number="1068" hits="0"></line>
								<line number="1069" hits="1"></line>
								<line number="1071" hits="0"></line>
								<line number="1072" hits="0"></line>
								<line number="1073" hits="0"></line>
								<line number="1075" hits="0"></line>
								<line number="1076" hits="0"></line>
								<line number="1077" hits="0"></line>
								<line number="1079" hits="0"></line>
								<line number="1080" hits="0"></line>
								<line number="1081" hits="0"></line>
								<line number="1084" hits="1"></line>
								<line number="1085" hits="1"></line>
								<line number="1086" hits="1"></line>
								<line number="1088" hits="0"></line>
								<line number="1089" hits="0"></line>
								<line number="1090" hits="0"></line>
								<line number="1092" hits="0"></line>
								<line number="1093" hits="1"></line>
								<line number="1095" hits="0"></line>
								<line number="1096" hits="0"></line>
								<line number="1097" hits="0"></line>
								<line number="1099" hits="0"></line>
								<line number="1100" hits="1"></line>
								<line number="1102" hits="1"></line>
								<line number="1103" hits="1"></line>
								<line number="1104" hits="0"></line>
								<line number="1106" hits="0"></line>
								<line number="1107" hits="1"></line>
								<line number="1109" hits="0"></line>
								<line number="1110" hits="0"></line>
								<line number="1111" hits="0"></line>
								<line number="1113" hits="0"></line>
								<line number="1114" hits="0"></line>
								<line number="1116" hits="1"></line>
								<line number="1117" hits="1"></line>
								<line number="1118" hits="0"></line>
								<line number="1120" hits="0"></line>
								<line number="1121" hits="0"></line>
								<line number="1123" hits="0"></line>
								<line number="1124" hits="0"></line>
								<line number="1125" hits="0"></line>
								<line number="1127" hits="0"></line>
								<line number="1128" hits="0"></line>
								<line number="1130" hits="0"></line>
								<line number="1131" hits="0"></line>
								<line number="1132" hits="0"></line>
								<line number="1134" hits="0"></line>
								<line number="1135" hits="0"></line>
								<line number="1137" hits="0"></line>
								<line number="1138" hits="0"></line>
								<line number="1139" hits="0"></line>
								<line number="1141" hits="0"></line>
								<line number="1142" hits="0"></line>
								<line number="1144" hits="0"></line>
								<line number="1145" hits="0"></line>
								<line number="1146" hits="0"></line>
								<line number="1148" hits="0"></line>
								<line number="1149" hits="0"></line>
								<line number="1151" hits="0"></line>
								<line number="1152" hits="0"></line>
								<line number="1153" hits="0"></line>
								<line number="1155" hits="0"></line>
								<line number="1156" hits="0"></line>
								<line number="1158" hits="0"></line>
								<line number="1159" hits="0"></line>
								<line number="1160" hits="0"></line>
								<line number="1162" hits="0"></line>
								<line number="1163" hits="0"></line>
								<line number="1165" hits="0"></line>
								<line number="1166" hits="0"></line>
								<line number="1167" hits="0"></line>
								<line number="1169" hits="0"></line>
								<line number="1170" hits="0"></line>
								<line number="1172" hits="0"></line>
								<line number="1173" hits="0"></line>
								<line number="1174" hits="0"></line>
								<line number="1176" hits="0"></line>
								<line number="1177" hits="0"></line>
								<line number="1179" hits="0"></line>
								<line number="1181" hits="0"></line>
								<line number="1183" hits="1"></line>
								<line number="1185" hits="1"></line>
								<line number="1187" hits="1"></line>
								<line number="1188" hits="0"></line>
								<line number="1190" hits="1"></line>
								<line number="1191" hits="1"></line>
								<line number="1193" hits="1"></line>
								<line number="1194" hits="1"></line>
								<line number="1196" hits="1"></line>
							</lines>
						</method>
						<method name="@1199:3" signature="" line-rate="0" branch-rate="0">
							<lines>
								<line number="1201" hits="1"></line>
								<line number="1203" hits="1"></line>
							</lines>
						</method>
						<method name="@1207:3" signature="" line-rate="0" branch-rate="0">
							<lines>
								<line number="1209" hits="1"></line>
								<line number="1211" hits="1"></line>
							</lines>
						</method>
						<method name="@1214:3" signature="" line-rate="0" branch-rate="0">
							<lines>
								<line number="1216" hits="1"></line>
								<line number="1218" hits="1"></line>
							</lines>
						</method>
					</methods>
					<lines>
						<line number="205" hits="0"></line>
						<line number="206" hits="0"></line>
						<line number="207" hits="0"></line>
						<line number="209" hits="0"></line>
						<line number="210" hits="0"></line>
						<line number="217" hits="0"></line>
						<line number="218" hits="0"></line>
						<line number="219" hits="0"></line>
						<line number="220" hits="0"></line>
						<line number="221" hits="0"></line>
						<line number="223" hits="0"></line>
						<line number="224" hits="0"></line>
						<line number="225" hits="0"></line>
						<line number="227" hits="0"></line>
						<line number="228" hits="0"></line>
						<line number="230" hits="0"></line>
						<line number="234" hits="0"></line>
						<line number="235" hits="0"></line>
						<line number="237" hits="0"></line>
						<line number="240" hits="0"></line>
						<line number="241" hits="0"></line>
						<line number="242" hits="0"></line>
						<line number="243" hits="0"></line>
						<line number="244" hits="0"></line>
						<line number="245" hits="0"></line>
						<line number="248" hits="0"></line>
						<line number="249" hits="0"></line>
						<line number="250" hits="0"></line>
						<line number="251" hits="0"></line>
						<line number="252" hits="0"></line>
						<line number="253" hits="0"></line>
						<line number="254" hits="0"></line>
						<line number="255" hits="0"></line>
						<line number="256" hits="0"></line>
						<line number="259" hits="0"></line>
						<line number="260" hits="0"></line>
						<line number="261" hits="0"></line>
						<line number="262" hits="0"></line>
						<line number="263" hits="0"></line>
						<line number="266" hits="0"></line>
						<line number="270" hits="0"></line>
						<line number="211" hits="0"></line>
						<line number="212" hits="0"></line>
						<line number="213" hits="0"></line>
						<line number="214" hits="0"></line>
						<line number="333" hits="1"></line>
						<line number="334" hits="1"></line>
						<line number="336" hits="1"></line>
						<line number="453" hits="0"></line>
						<line number="454" hits="0"></line>
						<line number="455" hits="0"></line>
						<line number="457" hits="0"></line>
						<line number="458" hits="0"></line>
						<line number="465" hits="0"></line>
						<line number="466" hits="0"></line>
						<line number="467" hits="0"></line>
						<line number="468" hits="0"></line>
						<line number="469" hits="0"></line>
						<line number="471" hits="0"></line>
						<line number="472" hits="0"></line>
						<line number="473" hits="0"></line>
						<line number="475" hits="0"></line>
						<line number="476" hits="0"></line>
						<line number="478" hits="0"></line>
						<line number="482" hits="0"></line>
						<line number="483" hits="0"></line>
						<line number="485" hits="0"></line>
						<line number="488" hits="0"></line>
						<line number="489" hits="0"></line>
						<line number="490" hits="0"></line>
						<line number="491" hits="0"></line>
						<line number="492" hits="0"></line>
						<line number="493" hits="0"></line>
						<line number="496" hits="0"></line>
						<line number="497" hits="0"></line>
						<line number="498" hits="0"></line>
						<line number="499" hits="0"></line>
						<line number="500" hits="0"></line>
						<line number="501" hits="0"></line>
						<line number="502" hits="0"></line>
						<line number="503" hits="0"></line>
						<line number="504" hits="0"></line>
						<line number="507" hits="0"></line>
						<line number="508" hits="0"></line>
						<line number="509" hits="0"></line>
						<line number="510" hits="0"></line>
						<line number="511" hits="0"></line>
						<line number="514" hits="0"></line>
						<line number="518" hits="0"></line>
						<line number="459" hits="0"></line>
						<line number="460" hits="0"></line>
						<line number="461" hits="0"></line>
						<line number="462" hits="0"></line>
						<line number="581" hits="0"></line>
						<line number="582" hits="0"></line>
						<line number="584" hits="0"></line>
						<line number="642" hits="0"></line>
						<line number="643" hits="0"></line>
						<line number="645" hits="0"></line>
						<line number="647" hits="0"></line>
						<line number="648" hits="0"></line>
						<line number="650" hits="0"></line>
						<line number="652" hits="0"></line>
						<line number="653" hits="0"></line>
						<line number="654" hits="0"></line>
						<line number="655" hits="0"></line>
						<line number="656" hits="0"></line>
						<line number="659" hits="0"></line>
						<line number="663" hits="0"></line>
						<line number="725" hits="1"></line>
						<line number="726" hits="1"></line>
						<line number="727" hits="0"></line>
						<line number="729" hits="1"></line>
						<line number="730" hits="1"></line>
						<line number="731" hits="1"></line>
						<line number="732" hits="1"></line>
						<line number="733" hits="1"></line>
						<line number="735" hits="0"></line>
						<line number="739" hits="0"></line>
						<line number="743" hits="1"></line>
						<line number="744" hits="0"></line>
						<line number="746" hits="1"></line>
						<line number="747" hits="1"></line>
						<line number="762" hits="1"></line>
						<line number="764" hits="1"></line>
						<line number="765" hits="1"></line>
						<line number="767" hits="1"></line>
						<line number="768" hits="1"></line>
						<line number="769" hits="1"></line>
						<line number="772" hits="1"></line>
						<line number="773" hits="1"></line>
						<line number="774" hits="0"></line>
						<line number="776" hits="1"></line>
						<line number="778" hits="1"></line>
						<line number="779" hits="0"></line>
						<line number="782" hits="1"></line>
						<line number="784" hits="0"></line>
						<line number="786" hits="1"></line>
						<line number="787" hits="0"></line>
						<line number="789" hits="1"></line>
						<line number="790" hits="1"></line>
						<line number="792" hits="1"></line>
						<line number="793" hits="1"></line>
						<line number="795" hits="1"></line>
						<line number="799" hits="1"></line>
						<line number="801" hits="1"></line>
						<line number="802" hits="1"></line>
						<line number="804" hits="1"></line>
						<line number="805" hits="1"></line>
						<line number="807" hits="1"></line>
						<line number="808" hits="1"></line>
						<line number="809" hits="1"></line>
						<line number="811" hits="0"></line>
						<line number="812" hits="0"></line>
						<line number="813" hits="0"></line>
						<line number="815" hits="0"></line>
						<line number="816" hits="1"></line>
						<line number="818" hits="0"></line>
						<line number="819" hits="0"></line>
						<line number="820" hits="0"></line>
						<line number="822" hits="0"></line>
						<line number="823" hits="1"></line>
						<line number="825" hits="0"></line>
						<line number="826" hits="0"></line>
						<line number="827" hits="0"></line>
						<line number="829" hits="0"></line>
						<line number="830" hits="1"></line>
						<line number="832" hits="0"></line>
						<line number="833" hits="0"></line>
						<line number="834" hits="0"></line>
						<line number="836" hits="0"></line>
						<line number="837" hits="1"></line>
						<line number="839" hits="0"></line>
						<line number="840" hits="0"></line>
						<line number="841" hits="0"></line>
						<line number="843" hits="0"></line>
						<line number="844" hits="1"></line>
						<line number="846" hits="0"></line>
						<line number="847" hits="0"></line>
						<line number="848" hits="0"></line>
						<line number="850" hits="0"></line>
						<line number="851" hits="1"></line>
						<line number="853" hits="1"></line>
						<line number="854" hits="1"></line>
						<line number="855" hits="0"></line>
						<line number="857" hits="0"></line>
						<line number="858" hits="1"></line>
						<line number="860" hits="0"></line>
						<line number="861" hits="0"></line>
						<line number="862" hits="0"></line>
						<line number="864" hits="0"></line>
						<line number="865" hits="1"></line>
						<line number="867" hits="0"></line>
						<line number="868" hits="0"></line>
						<line number="869" hits="0"></line>
						<line number="871" hits="0"></line>
						<line number="872" hits="1"></line>
						<line number="874" hits="0"></line>
						<line number="875" hits="0"></line>
						<line number="876" hits="0"></line>
						<line number="878" hits="0"></line>
						<line number="879" hits="1"></line>
						<line number="881" hits="0"></line>
						<line number="882" hits="0"></line>
						<line number="883" hits="0"></line>
						<line number="885" hits="0"></line>
						<line number="886" hits="1"></line>
						<line number="888" hits="0"></line>
						<line number="889" hits="0"></line>
						<line number="890" hits="0"></line>
						<line number="892" hits="0"></line>
						<line number="893" hits="1"></line>
						<line number="895" hits="1"></line>
						<line number="896" hits="1"></line>
						<line number="897" hits="0"></line>
						<line number="899" hits="0"></line>
						<line number="900" hits="1"></line>
						<line number="902" hits="1"></line>
						<line number="903" hits="1"></line>
						<line number="904" hits="0"></line>
						<line number="906" hits="0"></line>
						<line number="907" hits="1"></line>
						<line number="909" hits="0"></line>
						<line number="910" hits="0"></line>
						<line number="911" hits="0"></line>
						<line number="913" hits="0"></line>
						<line number="914" hits="1"></line>
						<line number="916" hits="0"></line>
						<line number="917" hits="0"></line>
						<line number="918" hits="0"></line>
						<line number="920" hits="0"></line>
						<line number="921" hits="1"></line>
						<line number="923" hits="0"></line>
						<line number="924" hits="0"></line>
						<line number="925" hits="0"></line>
						<line number="927" hits="0"></line>
						<line number="928" hits="1"></line>
						<line number="930" hits="0"></line>
						<line number="931" hits="0"></line>
						<line number="932" hits="0"></line>
						<line number="934" hits="0"></line>
						<line number="935" hits="1"></line>
						<line number="937" hits="0"></line>
						<line number="938" hits="0"></line>
						<line number="939" hits="0"></line>
						<line number="941" hits="0"></line>
						<line number="942" hits="1"></line>
						<line number="944" hits="0"></line>
						<line number="945" hits="0"></line>
						<line number="946" hits="0"></line>
						<line number="948" hits="0"></line>
						<line number="950" hits="0"></line>
						<line number="952" hits="0"></line>
						<line number="954" hits="1"></line>
						<line number="955" hits="0"></line>
						<line number="957" hits="1"></line>
						<line number="958" hits="1"></line>
						<line number="960" hits="1"></line>
						<line number="961" hits="1"></line>
						<line number="963" hits="1"></line>
						<line number="967" hits="1"></line>
						<line number="969" hits="1"></line>
						<line number="970" hits="1"></line>
						<line number="972" hits="1"></line>
						<line number="973" hits="1"></line>
						<line number="975" hits="1"></line>
						<line number="976" hits="1"></line>
						<line number="977" hits="1"></line>
						<line number="979" hits="0"></line>
						<line number="980" hits="0"></line>
						<line number="981" hits="0"></line>
						<line number="983" hits="0"></line>
						<line number="984" hits="0"></line>
						<line number="985" hits="0"></line>
						<line number="987" hits="0"></line>
						<line number="988" hits="0"></line>
						<line number="989" hits="0"></line>
						<line number="991" hits="0"></line>
						<line number="992" hits="0"></line>
						<line number="993" hits="0"></line>
						<line number="995" hits="0"></line>
						<line number="996" hits="1"></line>
						<line number="998" hits="0"></line>
						<line number="999" hits="0"></line>
						<line number="1000" hits="0"></line>
						<line number="1002" hits="0"></line>
						<line number="1003" hits="0"></line>
						<line number="1004" hits="0"></line>
						<line number="1006" hits="0"></line>
						<line number="1007" hits="0"></line>
						<line number="1008" hits="0"></line>
						<line number="1010" hits="0"></line>
						<line number="1011" hits="0"></line>
						<line number="1012" hits="0"></line>
						<line number="1014" hits="0"></line>
						<line number="1015" hits="0"></line>
						<line number="1016" hits="0"></line>
						<line number="1018" hits="0"></line>
						<line number="1019" hits="0"></line>
						<line number="1020" hits="0"></line>
						<line number="1022" hits="0"></line>
						<line number="1023" hits="0"></line>
						<line number="1024" hits="0"></line>
						<line number="1026" hits="0"></line>
						<line number="1027" hits="1"></line>
						<line number="1029" hits="0"></line>
						<line number="1030" hits="0"></line>
						<line number="1031" hits="0"></line>
						<line number="1033" hits="0"></line>
						<line number="1034" hits="0"></line>
						<line number="1035" hits="0"></line>
						<line number="1037" hits="0"></line>
						<line number="1038" hits="0"></line>
						<line number="1039" hits="0"></line>
						<line number="1041" hits="0"></line>
						<line number="1042" hits="0"></line>
						<line number="1043" hits="0"></line>
						<line number="1045" hits="0"></line>
						<line number="1046" hits="0"></line>
						<line number="1047" hits="0"></line>
						<line number="1049" hits="0"></line>
						<line number="1050" hits="0"></line>
						<line number="1051" hits="0"></line>
						<line number="1053" hits="0"></line>
						<line number="1054" hits="0"></line>
						<line number="1055" hits="0"></line>
						<line number="1057" hits="0"></line>
						<line number="1058" hits="1"></line>
						<line number="1060" hits="1"></line>
						<line number="1061" hits="1"></line>
						<line number="1062" hits="0"></line>
						<line number="1064" hits="1"></line>
						<line number="1065" hits="1"></line>
						<line number="1066" hits="0"></line>
						<line number="1068" hits="0"></line>
						<line number="1069" hits="1"></line>
						<line number="1071" hits="0"></line>
						<line number="1072" hits="0"></line>
						<line number="1073" hits="0"></line>
						<line number="1075" hits="0"></line>
						<line number="1076" hits="0"></line>
						<line number="1077" hits="0"></line>
						<line number="1079" hits="0"></line>
						<line number="1080" hits="0"></line>
						<line number="1081" hits="0"></line>
						<line number="1084" hits="1"></line>
						<line number="1085" hits="1"></line>
						<line number="1086" hits="1"></line>
						<line number="1088" hits="0"></line>
						<line number="1089" hits="0"></line>
						<line number="1090" hits="0"></line>
						<line number="1092" hits="0"></line>
						<line number="1093" hits="1"></line>
						<line number="1095" hits="0"></line>
						<line number="1096" hits="0"></line>
						<line number="1097" hits="0"></line>
						<line number="1099" hits="0"></line>
						<line number="1100" hits="1"></line>
						<line number="1102" hits="1"></line>
						<line number="1103" hits="1"></line>
						<line number="1104" hits="0"></line>
						<line number="1106" hits="0"></line>
						<line number="1107" hits="1"></line>
						<line number="1109" hits="0"></line>
						<line number="1110" hits="0"></line>
						<line number="1111" hits="0"></line>
						<line number="1113" hits="0"></line>
						<line number="1114" hits="0"></line>
						<line number="1116" hits="1"></line>
						<line number="1117" hits="1"></line>
						<line number="1118" hits="0"></line>
						<line number="1120" hits="0"></line>
						<line number="1121" hits="0"></line>
						<line number="1123" hits="0"></line>
						<line number="1124" hits="0"></line>
						<line number="1125" hits="0"></line>
						<line number="1127" hits="0"></line>
						<line number="1128" hits="0"></line>
						<line number="1130" hits="0"></line>
						<line number="1131" hits="0"></line>
						<line number="1132" hits="0"></line>
						<line number="1134" hits="0"></line>
						<line number="1135" hits="0"></line>
						<line number="1137" hits="0"></line>
						<line number="1138" hits="0"></line>
						<line number="1139" hits="0"></line>
						<line number="1141" hits="0"></line>
						<line number="1142" hits="0"></line>
						<line number="1144" hits="0"></line>
						<line number="1145" hits="0"></line>
						<line number="1146" hits="0"></line>
						<line number="1148" hits="0"></line>
						<line number="1149" hits="0"></line>
						<line number="1151" hits="0"></line>
						<line number="1152" hits="0"></line>
						<line number="1153" hits="0"></line>
						<line number="1155" hits="0"></line>
						<line number="1156" hits="0"></line>
						<line number="1158" hits="0"></line>
						<line number="1159" hits="0"></line>
						<line number="1160" hits="0"></line>
						<line number="1162" hits="0"></line>
						<line number="1163" hits="0"></line>
						<line number="1165" hits="0"></line>
						<line number="1166" hits="0"></line>
						<line number="1167" hits="0"></line>
						<line number="1169" hits="0"></line>
						<line number="1170" hits="0"></line>
						<line number="1172" hits="0"></line>
						<line number="1173" hits="0"></line>
						<line number="1174" hits="0"></line>
						<line number="1176" hits="0"></line>
						<line number="1177" hits="0"></line>
						<line number="1179" hits="0"></line>
						<line number="1181" hits="0"></line>
						<line number="1183" hits="1"></line>
						<line number="1185" hits="1"></line>
						<line number="1187" hits="1"></line>
						<line number="1188" hits="0"></line>
						<line number="1190" hits="1"></line>
						<line number="1191" hits="1"></line>
						<line number="1193" hits="1"></line>
						<line number="1194" hits="1"></line>
						<line number="1196" hits="1"></line>
						<line number="1201" hits="1"></line>
						<line number="1203" hits="1"></line>
						<line number="1209" hits="1"></line>
						<line number="1211" hits="1"></line>
						<line number="1216" hits="1"></line>
						<line number="1218" hits="1"></line>
					</lines>
				</class>
				<class name="token32" filename="/go/src/github.com/antha-lang/antha/antha/anthalib/wunit/siunit.peg.go" line-rate="0" branch-rate="0" complexity="0">
					<methods>
						<method name="isZero" signature="" line-rate="0" branch-rate="0">
							<lines>
								<line number="361" hits="0"></line>
							</lines>
						</method>
						<method name="isParentOf" signature="" line-rate="0" branch-rate="0">
							<lines>
								<line number="365" hits="0"></line>
							</lines>
						</method>
						<method name="getToken32" signature="" line-rate="0" branch-rate="0">
							<lines>
								<line number="369" hits="0"></line>
							</lines>
						</method>
						<method name="String" signature="" line-rate="0" branch-rate="0">
							<lines>
								<line number="373" hits="0"></line>
							</lines>
						</method>
					</methods>
					<lines>
						<line number="361" hits="0"></line>
						<line number="365" hits="0"></line>
						<line number="369" hits="0"></line>
						<line number="373" hits="0"></line>
					</lines>
				</class>
				<class name="tokens32" filename="/go/src/github.com/antha-lang/antha/antha/anthalib/wunit/siunit.peg.go" line-rate="0" branch-rate="0" complexity="0">
					<methods>
						<method name="trim" signature="" line-rate="0" branch-rate="0">
							<lines>
								<line number="382" hits="0"></line>
							</lines>
						</method>
						<method name="Print" signature="" line-rate="0" branch-rate="0">
							<lines>
								<line number="386" hits="0"></line>
								<line number="387" hits="0"></line>
							</lines>
						</method>
						<method name="Order" signature="" line-rate="0" branch-rate="0">
							<lines>
								<line number="392" hits="0"></line>
								<line number="393" hits="0"></line>
								<line number="396" hits="0"></line>
								<line number="397" hits="0"></line>
								<line number="398" hits="0"></line>
								<line number="399" hits="0"></line>
								<line number="400" hits="0"></line>
								<line number="402" hits="0"></line>
								<line number="403" hits="0"></line>
								<line number="404" hits="0"></line>
								<line number="406" hits="0"></line>
								<line number="408" hits="0"></line>
								<line number="410" hits="0"></line>
								<line number="411" hits="0"></line>
								<line number="412" hits="0"></line>
								<line number="413" hits="0"></line>
								<line number="416" hits="0"></line>
								<line number="417" hits="0"></line>
								<line number="418" hits="0"></line>
								<line number="419" hits="0"></line>
								<line number="420" hits="0"></line>
								<line number="422" hits="0"></line>
								<line number="423" hits="0"></line>
							</lines>
						</method>
						<method name="AST" signature="" line-rate="0" branch-rate="0">
							<lines>
								<line number="433" hits="0"></line>
								<line number="434" hits="0"></line>
								<line number="435" hits="0"></line>
								<line number="436" hits="0"></line>
								<line number="437" hits="0"></line>
								<line number="439" hits="0"></line>
								<line number="440" hits="0"></line>
								<line number="441" hits="0"></line>
								<line number="442" hits="0"></line>
								<line number="443" hits="0"></line>
								<line number="445" hits="0"></line>
								<line number="447" hits="0"></line>
							</lines>
						</method>
						<method name="PreOrder" signature="" line-rate="0" branch-rate="0">
							<lines>
								<line number="451" hits="0"></line>
								<line number="452" hits="0"></line>
								<line number="520" hits="0"></line>
							</lines>
						</method>
						<method name="PrintSyntax" signature="" line-rate="0" branch-rate="0">
							<lines>
								<line number="524" hits="0"></line>
								<line number="525" hits="0"></line>
								<line number="526" hits="0"></line>
								<line number="527" hits="0"></line>
								<line number="528" hits="0"></line>
								<line number="529" hits="0"></line>
								<line number="530" hits="0"></line>
								<line number="532" hits="0"></line>
								<line number="533" hits="0"></line>
								<line number="534" hits="0"></line>
								<line number="535" hits="0"></line>
								<line number="536" hits="0"></line>
								<line number="538" hits="0"></line>
								<line number="540" hits="0"></line>
								<line number="541" hits="0"></line>
								<line number="542" hits="0"></line>
								<line number="543" hits="0"></line>
								<line number="545" hits="0"></line>
								<line number="546" hits="0"></line>
								<line number="547" hits="0"></line>
								<line number="548" hits="0"></line>
								<line number="551" hits="0"></line>
								<line number="553" hits="0"></line>
								<line number="554" hits="0"></line>
								<line number="555" hits="0"></line>
								<line number="557" hits="0"></line>
								<line number="559" hits="0"></line>
							</lines>
						</method>
						<method name="PrintSyntaxTree" signature="" line-rate="0" branch-rate="0">
							<lines>
								<line number="565" hits="0"></line>
								<line number="566" hits="0"></line>
								<line number="567" hits="0"></line>
								<line number="568" hits="0"></line>
								<line number="570" hits="0"></line>
							</lines>
						</method>
						<method name="Add" signature="" line-rate="0" branch-rate="0">
							<lines>
								<line number="575" hits="0"></line>
							</lines>
						</method>
						<method name="Tokens" signature="" line-rate="0" branch-rate="0">
							<lines>
								<line number="579" hits="0"></line>
								<line number="580" hits="0"></line>
								<line number="586" hits="0"></line>
							</lines>
						</method>
						<method name="Error" signature="" line-rate="0" branch-rate="0">
							<lines>
								<line number="590" hits="0"></line>
								<line number="591" hits="0"></line>
								<line number="592" hits="0"></line>
								<line number="593" hits="0"></line>
								<line number="594" hits="0"></line>
								<line number="595" hits="0"></line>
								<line number="596" hits="0"></line>
								<line number="599" hits="0"></line>
							</lines>
						</method>
						<method name="Expand" signature="" line-rate="0" branch-rate="0">
							<lines>
								<line number="615" hits="0"></line>
								<line number="616" hits="0"></line>
								<line number="617" hits="0"></line>
								<line number="618" hits="0"></line>
								<line number="619" hits="0"></line>
								<line number="621" hits="0"></line>
							</lines>
						</method>
					</methods>
					<lines>
						<line number="382" hits="0"></line>
						<line number="386" hits="0"></line>
						<line number="387" hits="0"></line>
						<line number="392" hits="0"></line>
						<line number="393" hits="0"></line>
						<line number="396" hits="0"></line>
						<line number="397" hits="0"></line>
						<line number="398" hits="0"></line>
						<line number="399" hits="0"></line>
						<line number="400" hits="0"></line>
						<line number="402" hits="0"></line>
						<line number="403" hits="0"></line>
						<line number="404" hits="0"></line>
						<line number="406" hits="0"></line>
						<line number="408" hits="0"></line>
						<line number="410" hits="0"></line>
						<line number="411" hits="0"></line>
						<line number="412" hits="0"></line>
						<line number="413" hits="0"></line>
						<line number="416" hits="0"></line>
						<line number="417" hits="0"></line>
						<line number="418" hits="0"></line>
						<line number="419" hits="0"></line>
						<line number="420" hits="0"></line>
						<line number="422" hits="0"></line>
						<line number="423" hits="0"></line>
						<line number="433" hits="0"></line>
						<line number="434" hits="0"></line>
						<line number="435" hits="0"></line>
						<line number="436" hits="0"></line>
						<line number="437" hits="0"></line>
						<line number="439" hits="0"></line>
						<line number="440" hits="0"></line>
						<line number="441" hits="0"></line>
						<line number="442" hits="0"></line>
						<line number="443" hits="0"></line>
						<line number="445" hits="0"></line>
						<line number="447" hits="0"></line>
						<line number="451" hits="0"></line>
						<line number="452" hits="0"></line>
						<line number="520" hits="0"></line>
						<line number="524" hits="0"></line>
						<line number="525" hits="0"></line>
						<line number="526" hits="0"></line>
						<line number="527" hits="0"></line>
						<line number="528" hits="0"></line>
						<line number="529" hits="0"></line>
						<line number="530" hits="0"></line>
						<line number="532" hits="0"></line>
						<line number="533" hits="0"></line>
						<line number="534" hits="0"></line>
						<line number="535" hits="0"></line>
						<line number="536" hits="0"></line>
						<line number="538" hits="0"></line>
						<line number="540" hits="0"></line>
						<line number="541" hits="0"></line>
						<line number="542" hits="0"></line>
						<line number="543" hits="0"></line>
						<line number="545" hits="0"></line>
						<line number="546" hits="0"></line>
						<line number="547" hits="0"></line>
						<line number="548" hits="0"></line>
						<line number="551" hits="0"></line>
						<line number="553" hits="0"></line>
						<line number="554" hits="0"></line>
						<line number="555" hits="0"></line>
						<line number="557" hits="0"></line>
						<line number="559" hits="0"></line>
						<line number="565" hits="0"></line>
						<line number="566" hits="0"></line>
						<line number="567" hits="0"></line>
						<line number="568" hits="0"></line>
						<line number="570" hits="0"></line>
						<line number="575" hits="0"></line>
						<line number="579" hits="0"></line>
						<line number="580" hits="0"></line>
						<line number="586" hits="0"></line>
						<line number="590" hits="0"></line>
						<line number="591" hits="0"></line>
						<line number="592" hits="0"></line>
						<line number="593" hits="0"></line>
						<line number="594" hits="0"></line>
						<line number="595" hits="0"></line>
						<line number="596" hits="0"></line>
						<line number="599" hits="0"></line>
						<line number="615" hits="0"></line>
						<line number="616" hits="0"></line>
						<line number="617" hits="0"></line>
						<line number="618" hits="0"></line>
						<line number="619" hits="0"></line>
						<line number="621" hits="0"></line>
					</lines>
				</class>
				<class name="Concentration" filename="/go/src/github.com/antha-lang/antha/antha/anthalib/wunit/wdimension.go" line-rate="0" branch-rate="0" complexity="0">
					<methods>
						<method name="GramPerL" signature="" line-rate="0" branch-rate="0">
							<lines>
								<line number="315" hits="0"></line>
								<line number="316" hits="0"></line>
								<line number="318" hits="0"></line>
								<line number="319" hits="0"></line>
								<line number="321" hits="0"></line>
							</lines>
						</method>
						<method name="MolPerL" signature="" line-rate="0" branch-rate="0">
							<lines>
								<line number="325" hits="0"></line>
								<line number="326" hits="0"></line>
								<line number="328" hits="0"></line>
								<line number="329" hits="0"></line>
								<line number="331" hits="0"></line>
							</lines>
						</method>
					</methods>
					<lines>
						<line number="315" hits="0"></line>
						<line number="316" hits="0"></line>
						<line number="318" hits="0"></line>
						<line number="319" hits="0"></line>
						<line number="321" hits="0"></line>
						<line number="325" hits="0"></line>
						<line number="326" hits="0"></line>
						<line number="328" hits="0"></line>
						<line number="329" hits="0"></line>
						<line number="331" hits="0"></line>
					</lines>
				</class>
				<class name="-" filename="/go/src/github.com/antha-lang/antha/antha/anthalib/wunit/wdimension.go" line-rate="0" branch-rate="0" complexity="0">
					<methods>
						<method name="EZLength" signature="" line-rate="0" branch-rate="0">
							<lines>
								<line number="37" hits="0"></line>
							</lines>
						</method>
						<method name="NewLength" signature="" line-rate="0" branch-rate="0">
							<lines>
								<line number="42" hits="0"></line>
								<line number="46" hits="0"></line>
								<line number="47" hits="0"></line>
								<line number="48" hits="0"></line>
								<line number="51" hits="0"></line>
							</lines>
						</method>
						<method name="NewArea" signature="" line-rate="0" branch-rate="0">
							<lines>
								<line number="61" hits="0"></line>
								<line number="62" hits="0"></line>
								<line number="63" hits="0"></line>
								<line number="66" hits="0"></line>
								<line number="67" hits="0"></line>
							</lines>
						</method>
						<method name="NewVolume" signature="" line-rate="0" branch-rate="0">
							<lines>
								<line number="77" hits="1"></line>
								<line number="78" hits="0"></line>
								<line number="79" hits="0"></line>
								<line number="81" hits="1"></line>
								<line number="82" hits="1"></line>
								<line number="84" hits="1"></line>
								<line number="86" hits="0"></line>
								<line number="88" hits="1"></line>
							</lines>
						</method>
						<method name="CopyVolume" signature="" line-rate="0" branch-rate="0">
							<lines>
								<line number="103" hits="0"></line>
								<line number="104" hits="0"></line>
							</lines>
						</method>
						<method name="NewTemperature" signature="" line-rate="0" branch-rate="0">
							<lines>
								<line number="114" hits="0"></line>
								<line number="115" hits="0"></line>
								<line number="116" hits="0"></line>
								<line number="118" hits="0"></line>
								<line number="119" hits="0"></line>
							</lines>
						</method>
						<method name="NewTime" signature="" line-rate="0" branch-rate="0">
							<lines>
								<line number="129" hits="0"></line>
								<line number="130" hits="0"></line>
								<line number="131" hits="0"></line>
								<line number="134" hits="0"></line>
								<line number="135" hits="0"></line>
							</lines>
						</method>
						<method name="NewMass" signature="" line-rate="0" branch-rate="0">
							<lines>
								<line number="146" hits="0"></line>
								<line number="147" hits="0"></line>
								<line number="148" hits="0"></line>
								<line number="150" hits="0"></line>
								<line number="151" hits="0"></line>
								<line number="153" hits="0"></line>
								<line number="155" hits="0"></line>
								<line number="158" hits="0"></line>
							</lines>
						</method>
						<method name="NewAmount" signature="" line-rate="0" branch-rate="0">
							<lines>
								<line number="189" hits="0"></line>
								<line number="190" hits="0"></line>
								<line number="191" hits="0"></line>
								<line number="194" hits="0"></line>
								<line number="195" hits="0"></line>
							</lines>
						</method>
						<method name="NewAngle" signature="" line-rate="0" branch-rate="0">
							<lines>
								<line number="210" hits="0"></line>
								<line number="211" hits="0"></line>
								<line number="212" hits="0"></line>
								<line number="215" hits="0"></line>
								<line number="216" hits="0"></line>
							</lines>
						</method>
						<method name="NewEnergy" signature="" line-rate="0" branch-rate="0">
							<lines>
								<line number="226" hits="0"></line>
								<line number="227" hits="0"></line>
								<line number="228" hits="0"></line>
								<line number="231" hits="0"></line>
								<line number="232" hits="0"></line>
							</lines>
						</method>
						<method name="NewForce" signature="" line-rate="0" branch-rate="0">
							<lines>
								<line number="242" hits="0"></line>
								<line number="243" hits="0"></line>
								<line number="244" hits="0"></line>
								<line number="247" hits="0"></line>
								<line number="248" hits="0"></line>
							</lines>
						</method>
						<method name="NewPressure" signature="" line-rate="0" branch-rate="0">
							<lines>
								<line number="258" hits="1"></line>
								<line number="259" hits="0"></line>
								<line number="260" hits="0"></line>
								<line number="263" hits="1"></line>
								<line number="265" hits="1"></line>
							</lines>
						</method>
						<method name="NewConcentration" signature="" line-rate="0" branch-rate="0">
							<lines>
								<line number="288" hits="0"></line>
								<line number="289" hits="0"></line>
								<line number="290" hits="0"></line>
								<line number="291" hits="0"></line>
								<line number="294" hits="0"></line>
								<line number="295" hits="0"></line>
								<line number="296" hits="0"></line>
								<line number="298" hits="0"></line>
								<line number="299" hits="0"></line>
								<line number="301" hits="0"></line>
								<line number="303" hits="0"></line>
								<line number="306" hits="0"></line>
							</lines>
						</method>
						<method name="NewSpecificHeatCapacity" signature="" line-rate="0" branch-rate="0">
							<lines>
								<line number="341" hits="0"></line>
								<line number="342" hits="0"></line>
								<line number="343" hits="0"></line>
								<line number="346" hits="0"></line>
								<line number="347" hits="0"></line>
							</lines>
						</method>
						<method name="NewDensity" signature="" line-rate="0" branch-rate="0">
							<lines>
								<line number="357" hits="0"></line>
								<line number="358" hits="0"></line>
								<line number="359" hits="0"></line>
								<line number="362" hits="0"></line>
								<line number="363" hits="0"></line>
							</lines>
						</method>
						<method name="NewFlowRate" signature="" line-rate="0" branch-rate="0">
							<lines>
								<line number="373" hits="0"></line>
								<line number="374" hits="0"></line>
								<line number="375" hits="0"></line>
								<line number="377" hits="0"></line>
								<line number="379" hits="0"></line>
							</lines>
						</method>
						<method name="NewVelocity" signature="" line-rate="0" branch-rate="0">
							<lines>
								<line number="390" hits="0"></line>
								<line number="391" hits="0"></line>
								<line number="392" hits="0"></line>
								<line number="394" hits="0"></line>
								<line number="396" hits="0"></line>
							</lines>
						</method>
						<method name="NewRate" signature="" line-rate="0" branch-rate="0">
							<lines>
								<line number="404" hits="0"></line>
								<line number="405" hits="0"></line>
								<line number="406" hits="0"></line>
								<line number="407" hits="0"></line>
								<line number="410" hits="0"></line>
								<line number="412" hits="0"></line>
								<line number="413" hits="0"></line>
								<line number="414" hits="0"></line>
								<line number="415" hits="0"></line>
								<line number="416" hits="0"></line>
								<line number="417" hits="0"></line>
								<line number="420" hits="0"></line>
								<line number="421" hits="0"></line>
							</lines>
						</method>
					</methods>
					<lines>
						<line number="37" hits="0"></line>
						<line number="42" hits="0"></line>
						<line number="46" hits="0"></line>
						<line number="47" hits="0"></line>
						<line number="48" hits="0"></line>
						<line number="51" hits="0"></line>
						<line number="61" hits="0"></line>
						<line number="62" hits="0"></line>
						<line number="63" hits="0"></line>
						<line number="66" hits="0"></line>
						<line number="67" hits="0"></line>
						<line number="77" hits="1"></line>
						<line number="78" hits="0"></line>
						<line number="79" hits="0"></line>
						<line number="81" hits="1"></line>
						<line number="82" hits="1"></line>
						<line number="84" hits="1"></line>
						<line number="86" hits="0"></line>
						<line number="88" hits="1"></line>
						<line number="103" hits="0"></line>
						<line number="104" hits="0"></line>
						<line number="114" hits="0"></line>
						<line number="115" hits="0"></line>
						<line number="116" hits="0"></line>
						<line number="118" hits="0"></line>
						<line number="119" hits="0"></line>
						<line number="129" hits="0"></line>
						<line number="130" hits="0"></line>
						<line number="131" hits="0"></line>
						<line number="134" hits="0"></line>
						<line number="135" hits="0"></line>
						<line number="146" hits="0"></line>
						<line number="147" hits="0"></line>
						<line number="148" hits="0"></line>
						<line number="150" hits="0"></line>
						<line number="151" hits="0"></line>
						<line number="153" hits="0"></line>
						<line number="155" hits="0"></line>
						<line number="158" hits="0"></line>
						<line number="189" hits="0"></line>
						<line number="190" hits="0"></line>
						<line number="191" hits="0"></line>
						<line number="194" hits="0"></line>
						<line number="195" hits="0"></line>
						<line number="210" hits="0"></line>
						<line number="211" hits="0"></line>
						<line number="212" hits="0"></line>
						<line number="215" hits="0"></line>
						<line number="216" hits="0"></line>
						<line number="226" hits="0"></line>
						<line number="227" hits="0"></line>
						<line number="228" hits="0"></line>
						<line number="231" hits="0"></line>
						<line number="232" hits="0"></line>
						<line number="242" hits="0"></line>
						<line number="243" hits="0"></line>
						<line number="244" hits="0"></line>
						<line number="247" hits="0"></line>
						<line number="248" hits="0"></line>
						<line number="258" hits="1"></line>
						<line number="259" hits="0"></line>
						<line number="260" hits="0"></line>
						<line number="263" hits="1"></line>
						<line number="265" hits="1"></line>
						<line number="288" hits="0"></line>
						<line number="289" hits="0"></line>
						<line number="290" hits="0"></line>
						<line number="291" hits="0"></line>
						<line number="294" hits="0"></line>
						<line number="295" hits="0"></line>
						<line number="296" hits="0"></line>
						<line number="298" hits="0"></line>
						<line number="299" hits="0"></line>
						<line number="301" hits="0"></line>
						<line number="303" hits="0"></line>
						<line number="306" hits="0"></line>
						<line number="341" hits="0"></line>
						<line number="342" hits="0"></line>
						<line number="343" hits="0"></line>
						<line number="346" hits="0"></line>
						<line number="347" hits="0"></line>
						<line number="357" hits="0"></line>
						<line number="358" hits="0"></line>
						<line number="359" hits="0"></line>
						<line number="362" hits="0"></line>
						<line number="363" hits="0"></line>
						<line number="373" hits="0"></line>
						<line number="374" hits="0"></line>
						<line number="375" hits="0"></line>
						<line number="377" hits="0"></line>
						<line number="379" hits="0"></line>
						<line number="390" hits="0"></line>
						<line number="391" hits="0"></line>
						<line number="392" hits="0"></line>
						<line number="394" hits="0"></line>
						<line number="396" hits="0"></line>
						<line number="404" hits="0"></line>
						<line number="405" hits="0"></line>
						<line number="406" hits="0"></line>
						<line number="407" hits="0"></line>
						<line number="410" hits="0"></line>
						<line number="412" hits="0"></line>
						<line number="413" hits="0"></line>
						<line number="414" hits="0"></line>
						<line number="415" hits="0"></line>
						<line number="416" hits="0"></line>
						<line number="417" hits="0"></line>
						<line number="420" hits="0"></line>
						<line number="421" hits="0"></line>
					</lines>
				</class>
				<class name="Mass" filename="/go/src/github.com/antha-lang/antha/antha/anthalib/wunit/wdimension.go" line-rate="0" branch-rate="0" complexity="0">
					<methods>
						<method name="Quantity" signature="" line-rate="0" branch-rate="0">
							<lines>
								<line number="179" hits="0"></line>
							</lines>
						</method>
					</methods>
					<lines>
						<line number="179" hits="0"></line>
					</lines>
				</class>
				<class name="Moles" filename="/go/src/github.com/antha-lang/antha/antha/anthalib/wunit/wdimension.go" line-rate="0" branch-rate="0" complexity="0">
					<methods>
						<method name="Quantity" signature="" line-rate="0" branch-rate="0">
							<lines>
								<line number="200" hits="0"></line>
							</lines>
						</method>
					</methods>
					<lines>
						<line number="200" hits="0"></line>
					</lines>
				</class>
				<class name="-" filename="/go/src/github.com/antha-lang/antha/antha/anthalib/wunit/wunit.go" line-rate="0" branch-rate="0" complexity="0">
					<methods>
						<method name="NewPMeasurement" signature="" line-rate="0" branch-rate="0">
							<lines>
								<line number="224" hits="0"></line>
							</lines>
						</method>
						<method name="NewMeasurement" signature="" line-rate="0" branch-rate="0">
							<lines>
								<line number="229" hits="1"></line>
								<line number="230" hits="1"></line>
							</lines>
[...]
					<methods>
						<method name="RoundInt" signature="" line-rate="0" branch-rate="0">
							<lines>
								<line number="30" hits="1"></line>
								<line number="31" hits="1"></line>
								<line number="32" hits="1"></line>
								<line number="35" hits="1"></line>
							</lines>
						</method>
						<method name="SIPrefixBySymbol" signature="" line-rate="0" branch-rate="0">
							<lines>
								<line number="54" hits="1"></line>
								<line number="55" hits="1"></line>
								<line number="58" hits="1"></line>
								<line number="59" hits="1"></line>
								<line number="62" hits="1"></line>
							</lines>
						</method>
						<method name="ReverseLookupPrefix" signature="" line-rate="0" branch-rate="0">
							<lines>
								<line number="67" hits="1"></line>
								<line number="68" hits="1"></line>
								<line number="69" hits="1"></line>
								<line number="70" hits="1"></line>
								<line number="71" hits="1"></line>
								<line number="74" hits="1"></line>
							</lines>
						</method>
						<method name="PrefixMul" signature="" line-rate="0" branch-rate="0">
							<lines>
								<line number="83" hits="1"></line>
								<line number="84" hits="1"></line>
								<line number="86" hits="1"></line>
							</lines>
						</method>
						<method name="PrefixDiv" signature="" line-rate="0" branch-rate="0">
							<lines>
								<line number="95" hits="0"></line>
								<line number="96" hits="0"></line>
								<line number="97" hits="0"></line>
							</lines>
						</method>
						<method name="MakePrefices" signature="" line-rate="0" branch-rate="0">
							<lines>
								<line number="102" hits="1"></line>
								<line number="103" hits="1"></line>
								<line number="104" hits="1"></line>
								<line number="106" hits="1"></line>
								<line number="107" hits="1"></line>
								<line number="109" hits="1"></line>
								<line number="110" hits="1"></line>
								<line number="113" hits="1"></line>
								<line number="115" hits="1"></line>
								<line number="117" hits="1"></line>
								<line number="118" hits="1"></line>
								<line number="119" hits="1"></line>
								<line number="120" hits="1"></line>
								<line number="123" hits="1"></line>
								<line number="125" hits="1"></line>
								<line number="127" hits="1"></line>
								<line number="128" hits="1"></line>
								<line number="130" hits="1"></line>
								<line number="131" hits="1"></line>
								<line number="134" hits="1"></line>
							</lines>
						</method>
					</methods>
					<lines>
						<line number="30" hits="1"></line>
						<line number="31" hits="1"></line>
						<line number="32" hits="1"></line>
						<line number="35" hits="1"></line>
						<line number="54" hits="1"></line>
						<line number="55" hits="1"></line>
						<line number="58" hits="1"></line>
						<line number="59" hits="1"></line>
						<line number="62" hits="1"></line>
						<line number="67" hits="1"></line>
						<line number="68" hits="1"></line>
						<line number="69" hits="1"></line>
						<line number="70" hits="1"></line>
						<line number="71" hits="1"></line>
						<line number="74" hits="1"></line>
						<line number="83" hits="1"></line>
						<line number="84" hits="1"></line>
						<line number="86" hits="1"></line>
						<line number="95" hits="0"></line>
						<line number="96" hits="0"></line>
						<line number="97" hits="0"></line>
						<line number="102" hits="1"></line>
						<line number="103" hits="1"></line>
						<line number="104" hits="1"></line>
						<line number="106" hits="1"></line>
						<line number="107" hits="1"></line>
						<line number="109" hits="1"></line>
						<line number="110" hits="1"></line>
						<line number="113" hits="1"></line>
						<line number="115" hits="1"></line>
						<line number="117" hits="1"></line>
						<line number="118" hits="1"></line>
						<line number="119" hits="1"></line>
						<line number="120" hits="1"></line>
						<line number="123" hits="1"></line>
						<line number="125" hits="1"></line>
						<line number="127" hits="1"></line>
						<line number="128" hits="1"></line>
						<line number="130" hits="1"></line>
						<line number="131" hits="1"></line>
						<line number="134" hits="1"></line>
					</lines>
				</class>
				<class name="wint" filename="/go/src/github.com/antha-lang/antha/antha/anthalib/wunit/wvalue.go" line-rate="0" branch-rate="0" complexity="0">
					<methods>
						<method name="MakeMutex" signature="" line-rate="0" branch-rate="0">
							<lines>
								<line number="114" hits="0"></line>
								<line number="115" hits="0"></line>
								<line number="116" hits="0"></line>
							</lines>
						</method>
						<method name="SetValue" signature="" line-rate="0" branch-rate="0">
							<lines>
								<line number="130" hits="0"></line>
								<line number="131" hits="0"></line>
								<line number="132" hits="0"></line>
								<line number="133" hits="0"></line>
								<line number="134" hits="0"></line>
							</lines>
						</method>
						<method name="GetValue" signature="" line-rate="0" branch-rate="0">
							<lines>
								<line number="139" hits="0"></line>
								<line number="140" hits="0"></line>
								<line number="141" hits="0"></line>
							</lines>
						</method>
					</methods>
					<lines>
						<line number="114" hits="0"></line>
						<line number="115" hits="0"></line>
						<line number="116" hits="0"></line>
						<line number="130" hits="0"></line>
						<line number="131" hits="0"></line>
						<line number="132" hits="0"></line>
						<line number="133" hits="0"></line>
						<line number="134" hits="0"></line>
						<line number="139" hits="0"></line>
						<line number="140" hits="0"></line>
						<line number="141" hits="0"></line>
					</lines>
				</class>
				<class name="wfloat" filename="/go/src/github.com/antha-lang/antha/antha/anthalib/wunit/wvalue.go" line-rate="0" branch-rate="0" complexity="0">
					<methods>
						<method name="MakeMutex" signature="" line-rate="0" branch-rate="0">
							<lines>
								<line number="38" hits="0"></line>
								<line number="39" hits="0"></line>
								<line number="40" hits="0"></line>
							</lines>
						</method>
						<method name="SetValue" signature="" line-rate="0" branch-rate="0">
							<lines>
								<line number="54" hits="0"></line>
								<line number="55" hits="0"></line>
								<line number="56" hits="0"></line>
								<line number="57" hits="0"></line>
								<line number="58" hits="0"></line>
							</lines>
						</method>
						<method name="GetValue" signature="" line-rate="0" branch-rate="0">
							<lines>
								<line number="63" hits="0"></line>
								<line number="64" hits="0"></line>
								<line number="65" hits="0"></line>
							</lines>
						</method>
					</methods>
					<lines>
						<line number="38" hits="0"></line>
						<line number="39" hits="0"></line>
						<line number="40" hits="0"></line>
						<line number="54" hits="0"></line>
						<line number="55" hits="0"></line>
						<line number="56" hits="0"></line>
						<line number="57" hits="0"></line>
						<line number="58" hits="0"></line>
						<line number="63" hits="0"></line>
						<line number="64" hits="0"></line>
						<line number="65" hits="0"></line>
					</lines>
				</class>
				<class name="-" filename="/go/src/github.com/antha-lang/antha/antha/anthalib/wunit/wvalue.go" line-rate="0" branch-rate="0" complexity="0">
					<methods>
						<method name="NewWFloat" signature="" line-rate="0" branch-rate="0">
							<lines>
								<line number="46" hits="0"></line>
								<line number="47" hits="0"></line>
								<line number="48" hits="0"></line>
								<line number="49" hits="0"></line>
							</lines>
						</method>
						<method name="NewWString" signature="" line-rate="0" branch-rate="0">
							<lines>
								<line number="83" hits="0"></line>
								<line number="84" hits="0"></line>
								<line number="85" hits="0"></line>
								<line number="86" hits="0"></line>
							</lines>
						</method>
						<method name="NewWInt" signature="" line-rate="0" branch-rate="0">
							<lines>
								<line number="122" hits="0"></line>
								<line number="123" hits="0"></line>
								<line number="124" hits="0"></line>
								<line number="125" hits="0"></line>
							</lines>
						</method>
					</methods>
					<lines>
						<line number="46" hits="0"></line>
						<line number="47" hits="0"></line>
						<line number="48" hits="0"></line>
						<line number="49" hits="0"></line>
						<line number="83" hits="0"></line>
						<line number="84" hits="0"></line>
						<line number="85" hits="0"></line>
						<line number="86" hits="0"></line>
						<line number="122" hits="0"></line>
						<line number="123" hits="0"></line>
						<line number="124" hits="0"></line>
						<line number="125" hits="0"></line>
					</lines>
				</class>
				<class name="wstring" filename="/go/src/github.com/antha-lang/antha/antha/anthalib/wunit/wvalue.go" line-rate="0" branch-rate="0" complexity="0">
					<methods>
						<method name="MakeMutex" signature="" line-rate="0" branch-rate="0">
							<lines>
								<line number="77" hits="0"></line>
								<line number="78" hits="0"></line>
								<line number="79" hits="0"></line>
							</lines>
						</method>
						<method name="SetValue" signature="" line-rate="0" branch-rate="0">
							<lines>
								<line number="91" hits="0"></line>
								<line number="92" hits="0"></line>
								<line number="93" hits="0"></line>
								<line number="94" hits="0"></line>
								<line number="95" hits="0"></line>
							</lines>
						</method>
						<method name="GetValue" signature="" line-rate="0" branch-rate="0">
							<lines>
								<line number="100" hits="0"></line>
								<line number="101" hits="0"></line>
								<line number="102" hits="0"></line>
							</lines>
						</method>
					</methods>
					<lines>
						<line number="77" hits="0"></line>
						<line number="78" hits="0"></line>
						<line number="79" hits="0"></line>
						<line number="91" hits="0"></line>
						<line number="92" hits="0"></line>
						<line number="93" hits="0"></line>
						<line number="94" hits="0"></line>
						<line number="95" hits="0"></line>
						<line number="100" hits="0"></line>
						<line number="101" hits="0"></line>
						<line number="102" hits="0"></line>
					</lines>
				</class>
				<class name="-" filename="/go/src/github.com/antha-lang/antha/antha/anthalib/wunit/conversion.go" line-rate="0" branch-rate="0" complexity="0">
					<methods>
						<method name="MasstoVolume" signature="" line-rate="0" branch-rate="0">
							<lines>
								<line number="20" hits="0"></line>
								<line number="21" hits="0"></line>
								<line number="22" hits="0"></line>
								<line number="23" hits="0"></line>
								<line number="24" hits="0"></line>
								<line number="25" hits="0"></line>
							</lines>
						</method>
					</methods>
					<lines>
						<line number="20" hits="0"></line>
						<line number="21" hits="0"></line>
						<line number="22" hits="0"></line>
						<line number="23" hits="0"></line>
						<line number="24" hits="0"></line>
						<line number="25" hits="0"></line>
					</lines>
				</class>
				<class name="GenericUnit" filename="/go/src/github.com/antha-lang/antha/antha/anthalib/wunit/genericunit.go" line-rate="0" branch-rate="0" complexity="0">
					<methods>
						<method name="Name" signature="" line-rate="0" branch-rate="0">
							<lines>
								<line number="38" hits="0"></line>
							</lines>
						</method>
						<method name="Symbol" signature="" line-rate="0" branch-rate="0">
							<lines>
								<line number="41" hits="1"></line>
							</lines>
						</method>
						<method name="BaseSIConversionFactor" signature="" line-rate="0" branch-rate="0">
							<lines>
								<line number="44" hits="1"></line>
							</lines>
						</method>
						<method name="BaseSIUnit" signature="" line-rate="0" branch-rate="0">
							<lines>
								<line number="47" hits="0"></line>
							</lines>
						</method>
						<method name="ToString" signature="" line-rate="0" branch-rate="0">
							<lines>
								<line number="51" hits="1"></line>
							</lines>
						</method>
					</methods>
					<lines>
						<line number="38" hits="0"></line>
						<line number="41" hits="1"></line>
						<line number="44" hits="1"></line>
						<line number="47" hits="0"></line>
						<line number="51" hits="1"></line>
					</lines>
				</class>
				<class name="GenericPrefixedUnit" filename="/go/src/github.com/antha-lang/antha/antha/anthalib/wunit/genericunit.go" line-rate="0" branch-rate="0" complexity="0">
					<methods>
						<method name="Prefix" signature="" line-rate="0" branch-rate="0">
							<lines>
								<line number="61" hits="1"></line>
							</lines>
						</method>
						<method name="BaseSIConversionFactor" signature="" line-rate="0" branch-rate="0">
							<lines>
								<line number="67" hits="1"></line>
							</lines>
						</method>
						<method name="RawSymbol" signature="" line-rate="0" branch-rate="0">
							<lines>
								<line number="72" hits="0"></line>
							</lines>
						</method>
						<method name="PrefixedSymbol" signature="" line-rate="0" branch-rate="0">
							<lines>
								<line number="77" hits="1"></line>
								<line number="78" hits="1"></line>
								<line number="80" hits="1"></line>
							</lines>
						</method>
						<method name="BaseSISymbol" signature="" line-rate="0" branch-rate="0">
							<lines>
								<line number="85" hits="0"></line>
							</lines>
						</method>
						<method name="Symbol" signature="" line-rate="0" branch-rate="0">
							<lines>
								<line number="90" hits="1"></line>
							</lines>
						</method>
						<method name="ConvertTo" signature="" line-rate="0" branch-rate="0">
							<lines>
								<line number="95" hits="1"></line>
							</lines>
						</method>
					</methods>
					<lines>
						<line number="61" hits="1"></line>
						<line number="67" hits="1"></line>
						<line number="72" hits="0"></line>
						<line number="77" hits="1"></line>
						<line number="78" hits="1"></line>
						<line number="80" hits="1"></line>
						<line number="85" hits="0"></line>
						<line number="90" hits="1"></line>
						<line number="95" hits="1"></line>
					</lines>
				</class>
				<class name="-" filename="/go/src/github.com/antha-lang/antha/antha/anthalib/wunit/interface.go" line-rate="0" branch-rate="0" complexity="0">
					<methods>
						<method name="GetPrefixLib" signature="" line-rate="0" branch-rate="0">
							<lines>
								<line number="39" hits="0"></line>
								<line number="41" hits="0"></line>
								<line number="42" hits="0"></line>
								<line number="45" hits="0"></line>
								<line number="46" hits="0"></line>
								<line number="47" hits="0"></line>
							</lines>
						</method>
						<method name="GetUnitLib" signature="" line-rate="0" branch-rate="0">
							<lines>
								<line number="52" hits="0"></line>
								<line number="53" hits="0"></line>
								<line number="54" hits="0"></line>
								<line number="56" hits="0"></line>
								<line number="57" hits="0"></line>
								<line number="59" hits="0"></line>
								<line number="60" hits="0"></line>
								<line number="61" hits="0"></line>
								<line number="64" hits="0"></line>
								<line number="65" hits="0"></line>
								<line number="68" hits="0"></line>
							</lines>
						</method>
						<method name="NewPrefixedUnit" signature="" line-rate="0" branch-rate="0">
							<lines>
								<line number="74" hits="1"></line>
								<line number="75" hits="1"></line>
								<line number="85" hits="1"></line>
								<line number="86" hits="1"></line>
							</lines>
						</method>
						<method name="ParsePrefixedUnit" signature="" line-rate="0" branch-rate="0">
							<lines>
								<line number="92" hits="1"></line>
								<line number="93" hits="1"></line>
								<line number="94" hits="1"></line>
								<line number="96" hits="1"></line>
								<line number="97" hits="0"></line>
								<line number="98" hits="0"></line>
								<line number="99" hits="0"></line>
								<line number="102" hits="1"></line>
								<line number="104" hits="1"></line>
								<line number="105" hits="1"></line>
								<line number="107" hits="1"></line>
								<line number="108" hits="1"></line>
								<line number="110" hits="1"></line>
								<line number="111" hits="1"></line>
								<line number="113" hits="1"></line>
							</lines>
						</method>
						<method name="UnitBySymbol" signature="" line-rate="0" branch-rate="0">
							<lines>
								<line number="118" hits="1"></line>
								<line number="119" hits="1"></line>
								<line number="122" hits="1"></line>
							</lines>
						</method>
						<method name="Make_units" signature="" line-rate="0" branch-rate="0">
							<lines>
								<line number="127" hits="1"></line>
								<line number="128" hits="1"></line>
								<line number="131" hits="1"></line>
								<line number="133" hits="1"></line>
								<line number="135" hits="1"></line>
								<line number="137" hits="1"></line>
								<line number="139" hits="1"></line>
								<line number="140" hits="1"></line>
								<line number="142" hits="1"></line>
								<line number="143" hits="1"></line>
								<line number="145" hits="1"></line>
								<line number="146" hits="1"></line>
								<line number="149" hits="1"></line>
							</lines>
						</method>
					</methods>
					<lines>
						<line number="39" hits="0"></line>
						<line number="41" hits="0"></line>
						<line number="42" hits="0"></line>
						<line number="45" hits="0"></line>
						<line number="46" hits="0"></line>
						<line number="47" hits="0"></line>
						<line number="52" hits="0"></line>
						<line number="53" hits="0"></line>
						<line number="54" hits="0"></line>
						<line number="56" hits="0"></line>
						<line number="57" hits="0"></line>
						<line number="59" hits="0"></line>
						<line number="60" hits="0"></line>
						<line number="61" hits="0"></line>
						<line number="64" hits="0"></line>
						<line number="65" hits="0"></line>
						<line number="68" hits="0"></line>
						<line number="74" hits="1"></line>
						<line number="75" hits="1"></line>
						<line number="85" hits="1"></line>
						<line number="86" hits="1"></line>
						<line number="92" hits="1"></line>
						<line number="93" hits="1"></line>
						<line number="94" hits="1"></line>
						<line number="96" hits="1"></line>
						<line number="97" hits="0"></line>
						<line number="98" hits="0"></line>
						<line number="99" hits="0"></line>
						<line number="102" hits="1"></line>
						<line number="104" hits="1"></line>
						<line number="105" hits="1"></line>
						<line number="107" hits="1"></line>
						<line number="108" hits="1"></line>
						<line number="110" hits="1"></line>
						<line number="111" hits="1"></line>
						<line number="113" hits="1"></line>
						<line number="118" hits="1"></line>
						<line number="119" hits="1"></line>
						<line number="122" hits="1"></line>
						<line number="127" hits="1"></line>
						<line number="128" hits="1"></line>
						<line number="131" hits="1"></line>
						<line number="133" hits="1"></line>
						<line number="135" hits="1"></line>
						<line number="137" hits="1"></line>
						<line number="139" hits="1"></line>
						<line number="140" hits="1"></line>
						<line number="142" hits="1"></line>
						<line number="143" hits="1"></line>
						<line number="145" hits="1"></line>
						<line number="146" hits="1"></line>
						<line number="149" hits="1"></line>
					</lines>
				</class>
			</classes>
		</package>
	</packages>
</coverage>
