<?xml version="1.0" encoding="UTF-8"?>
<!DOCTYPE coverage SYSTEM "http://cobertura.sourceforge.net/xml/coverage-03.dtd">
<coverage line-rate="0" branch-rate="0" version="" timestamp="1452073451503">
	<packages>
		<package name="github.com/antha-lang/antha/antha/printer" line-rate="0" branch-rate="0" complexity="0">
			<classes>
				<class name="-" filename="/go/src/github.com/antha-lang/antha/antha/printer/nodes.go" line-rate="0" branch-rate="0" complexity="0">
					<methods>
						<method name="identListSize" signature="" line-rate="0" branch-rate="0">
							<lines>
								<line number="370" hits="1"></line>
								<line number="371" hits="1"></line>
								<line number="372" hits="1"></line>
								<line number="374" hits="1"></line>
								<line number="375" hits="1"></line>
								<line number="376" hits="0"></line>
								<line number="379" hits="1"></line>
							</lines>
						</method>
						<method name="walkBinary" signature="" line-rate="0" branch-rate="0">
							<lines>
								<line number="527" hits="1"></line>
								<line number="529" hits="1"></line>
								<line number="531" hits="1"></line>
								<line number="534" hits="1"></line>
								<line number="536" hits="1"></line>
								<line number="539" hits="0"></line>
								<line number="541" hits="1"></line>
								<line number="542" hits="1"></line>
								<line number="543" hits="1"></line>
								<line number="544" hits="1"></line>
								<line number="545" hits="0"></line>
								<line number="549" hits="1"></line>
								<line number="551" hits="1"></line>
								<line number="554" hits="0"></line>
								<line number="556" hits="1"></line>
								<line number="557" hits="1"></line>
								<line number="558" hits="1"></line>
								<line number="559" hits="1"></line>
								<line number="560" hits="0"></line>
								<line number="564" hits="1"></line>
								<line number="565" hits="1"></line>
								<line number="569" hits="1"></line>
								<line number="571" hits="1"></line>
								<line number="573" hits="1"></line>
								<line number="574" hits="1"></line>
								<line number="578" hits="1"></line>
							</lines>
						</method>
						<method name="cutoff" signature="" line-rate="0" branch-rate="0">
							<lines>
								<line number="582" hits="1"></line>
								<line number="583" hits="1"></line>
								<line number="584" hits="1"></line>
								<line number="586" hits="1"></line>
								<line number="587" hits="1"></line>
								<line number="588" hits="1"></line>
								<line number="590" hits="1"></line>
								<line number="592" hits="1"></line>
								<line number="593" hits="1"></line>
								<line number="595" hits="1"></line>
							</lines>
						</method>
						<method name="diffPrec" signature="" line-rate="0" branch-rate="0">
							<lines>
								<line number="599" hits="1"></line>
								<line number="600" hits="1"></line>
								<line number="601" hits="1"></line>
								<line number="603" hits="1"></line>
							</lines>
						</method>
						<method name="reduceDepth" signature="" line-rate="0" branch-rate="0">
							<lines>
								<line number="607" hits="1"></line>
								<line number="608" hits="1"></line>
								<line number="609" hits="1"></line>
								<line number="611" hits="1"></line>
							</lines>
						</method>
						<method name="isBinary" signature="" line-rate="0" branch-rate="0">
							<lines>
								<line number="690" hits="1"></line>
								<line number="691" hits="1"></line>
							</lines>
						</method>
						<method name="isTypeName" signature="" line-rate="0" branch-rate="0">
							<lines>
								<line number="971" hits="1"></line>
								<line number="973" hits="1"></line>
								<line number="975" hits="0"></line>
								<line number="977" hits="1"></line>
							</lines>
						</method>
						<method name="stripParens" signature="" line-rate="0" branch-rate="0">
							<lines>
								<line number="981" hits="1"></line>
								<line number="985" hits="1"></line>
								<line number="999" hits="1"></line>
								<line number="1000" hits="1"></line>
								<line number="1003" hits="1"></line>
							</lines>
						</method>
						<method name="@985:21" signature="" line-rate="0" branch-rate="0">
							<lines>
								<line number="986" hits="1"></line>
								<line number="989" hits="1"></line>
								<line number="991" hits="1"></line>
								<line number="992" hits="1"></line>
								<line number="994" hits="1"></line>
								<line number="997" hits="1"></line>
							</lines>
						</method>
						<method name="stripParensAlways" signature="" line-rate="0" branch-rate="0">
							<lines>
								<line number="1007" hits="1"></line>
								<line number="1008" hits="1"></line>
								<line number="1010" hits="1"></line>
							</lines>
						</method>
						<method name="keepTypeColumn" signature="" line-rate="0" branch-rate="0">
							<lines>
								<line number="1290" hits="1"></line>
								<line number="1292" hits="1"></line>
								<line number="1300" hits="1"></line>
								<line number="1301" hits="1"></line>
								<line number="1302" hits="1"></line>
								<line number="1303" hits="1"></line>
								<line number="1304" hits="1"></line>
								<line number="1305" hits="1"></line>
								<line number="1307" hits="1"></line>
								<line number="1308" hits="1"></line>
								<line number="1311" hits="1"></line>
								<line number="1313" hits="1"></line>
								<line number="1314" hits="1"></line>
								<line number="1317" hits="1"></line>
								<line number="1318" hits="1"></line>
								<line number="1321" hits="1"></line>
								<line number="1323" hits="1"></line>
								<line number="1326" hits="1"></line>
							</lines>
						</method>
						<method name="@1292:14" signature="" line-rate="0" branch-rate="0">
							<lines>
								<line number="1293" hits="1"></line>
								<line number="1294" hits="1"></line>
								<line number="1295" hits="1"></line>
							</lines>
						</method>
						<method name="declToken" signature="" line-rate="0" branch-rate="0">
							<lines>
								<line number="1593" hits="1"></line>
								<line number="1594" hits="1"></line>
								<line number="1596" hits="1"></line>
								<line number="1598" hits="1"></line>
								<line number="1600" hits="1"></line>
							</lines>
						</method>
					</methods>
					<lines>
						<line number="370" hits="1"></line>
						<line number="371" hits="1"></line>
						<line number="372" hits="1"></line>
						<line number="374" hits="1"></line>
						<line number="375" hits="1"></line>
						<line number="376" hits="0"></line>
						<line number="379" hits="1"></line>
						<line number="527" hits="1"></line>
						<line number="529" hits="1"></line>
						<line number="531" hits="1"></line>
						<line number="534" hits="1"></line>
						<line number="536" hits="1"></line>
						<line number="539" hits="0"></line>
						<line number="541" hits="1"></line>
						<line number="542" hits="1"></line>
						<line number="543" hits="1"></line>
						<line number="544" hits="1"></line>
						<line number="545" hits="0"></line>
						<line number="549" hits="1"></line>
						<line number="551" hits="1"></line>
						<line number="554" hits="0"></line>
						<line number="556" hits="1"></line>
						<line number="557" hits="1"></line>
						<line number="558" hits="1"></line>
						<line number="559" hits="1"></line>
						<line number="560" hits="0"></line>
						<line number="564" hits="1"></line>
						<line number="565" hits="1"></line>
						<line number="569" hits="1"></line>
						<line number="571" hits="1"></line>
						<line number="573" hits="1"></line>
						<line number="574" hits="1"></line>
						<line number="578" hits="1"></line>
						<line number="582" hits="1"></line>
						<line number="583" hits="1"></line>
						<line number="584" hits="1"></line>
						<line number="586" hits="1"></line>
						<line number="587" hits="1"></line>
						<line number="588" hits="1"></line>
						<line number="590" hits="1"></line>
						<line number="592" hits="1"></line>
						<line number="593" hits="1"></line>
						<line number="595" hits="1"></line>
						<line number="599" hits="1"></line>
						<line number="600" hits="1"></line>
						<line number="601" hits="1"></line>
						<line number="603" hits="1"></line>
						<line number="607" hits="1"></line>
						<line number="608" hits="1"></line>
						<line number="609" hits="1"></line>
						<line number="611" hits="1"></line>
						<line number="690" hits="1"></line>
						<line number="691" hits="1"></line>
						<line number="971" hits="1"></line>
						<line number="973" hits="1"></line>
						<line number="975" hits="0"></line>
						<line number="977" hits="1"></line>
						<line number="981" hits="1"></line>
						<line number="985" hits="1"></line>
						<line number="999" hits="1"></line>
						<line number="1000" hits="1"></line>
						<line number="1003" hits="1"></line>
						<line number="986" hits="1"></line>
						<line number="989" hits="1"></line>
						<line number="991" hits="1"></line>
						<line number="992" hits="1"></line>
						<line number="994" hits="1"></line>
						<line number="997" hits="1"></line>
						<line number="1007" hits="1"></line>
						<line number="1008" hits="1"></line>
						<line number="1010" hits="1"></line>
						<line number="1290" hits="1"></line>
						<line number="1292" hits="1"></line>
						<line number="1300" hits="1"></line>
						<line number="1301" hits="1"></line>
						<line number="1302" hits="1"></line>
						<line number="1303" hits="1"></line>
						<line number="1304" hits="1"></line>
						<line number="1305" hits="1"></line>
						<line number="1307" hits="1"></line>
						<line number="1308" hits="1"></line>
						<line number="1311" hits="1"></line>
						<line number="1313" hits="1"></line>
						<line number="1314" hits="1"></line>
						<line number="1317" hits="1"></line>
						<line number="1318" hits="1"></line>
						<line number="1321" hits="1"></line>
						<line number="1323" hits="1"></line>
						<line number="1326" hits="1"></line>
						<line number="1293" hits="1"></line>
						<line number="1294" hits="1"></line>
						<line number="1295" hits="1"></line>
						<line number="1593" hits="1"></line>
						<line number="1594" hits="1"></line>
						<line number="1596" hits="1"></line>
						<line number="1598" hits="1"></line>
						<line number="1600" hits="1"></line>
					</lines>
				</class>
				<class name="printer" filename="/go/src/github.com/antha-lang/antha/antha/printer/nodes.go" line-rate="0" branch-rate="0" complexity="0">
					<methods>
						<method name="linebreak" signature="" line-rate="0" branch-rate="0">
							<lines>
								<line number="66" hits="1"></line>
								<line number="67" hits="1"></line>
								<line number="68" hits="1"></line>
								<line number="70" hits="1"></line>
								<line number="71" hits="1"></line>
								<line number="72" hits="1"></line>
								<line number="73" hits="1"></line>
								<line number="74" hits="1"></line>
								<line number="76" hits="1"></line>
								<line number="77" hits="1"></line>
								<line number="79" hits="1"></line>
								<line number="81" hits="1"></line>
							</lines>
						</method>
						<method name="setComment" signature="" line-rate="0" branch-rate="0">
							<lines>
								<line number="89" hits="1"></line>
								<line number="90" hits="1"></line>
								<line number="92" hits="1"></line>
								<line number="94" hits="1"></line>
								<line number="95" hits="1"></line>
								<line number="99" hits="0"></line>
								<line number="100" hits="0"></line>
								<line number="102" hits="0"></line>
								<line number="104" hits="1"></line>
								<line number="105" hits="1"></line>
								<line number="110" hits="1"></line>
								<line number="111" hits="1"></line>
							</lines>
						</method>
						<method name="identList" signature="" line-rate="0" branch-rate="0">
							<lines>
								<line number="126" hits="1"></line>
								<line number="127" hits="1"></line>
								<line number="128" hits="1"></line>
								<line number="130" hits="1"></line>
								<line number="131" hits="1"></line>
								<line number="132" hits="1"></line>
								<line number="134" hits="1"></line>
							</lines>
						</method>
						<method name="exprList" signature="" line-rate="0" branch-rate="0">
							<lines>
								<line number="145" hits="1"></line>
								<line number="146" hits="1"></line>
								<line number="149" hits="1"></line>
								<line number="150" hits="1"></line>
								<line number="151" hits="1"></line>
								<line number="152" hits="1"></line>
								<line number="154" hits="1"></line>
								<line number="156" hits="1"></line>
								<line number="157" hits="1"></line>
								<line number="160" hits="1"></line>
								<line number="162" hits="1"></line>
								<line number="164" hits="1"></line>
								<line number="172" hits="1"></line>
								<line number="173" hits="1"></line>
								<line number="174" hits="1"></line>
								<line number="179" hits="1"></line>
								<line number="180" hits="1"></line>
								<line number="181" hits="1"></line>
								<line number="182" hits="1"></line>
								<line number="186" hits="1"></line>
								<line number="189" hits="1"></line>
								<line number="190" hits="1"></line>
								<line number="191" hits="1"></line>
								<line number="198" hits="1"></line>
								<line number="204" hits="1"></line>
								<line number="205" hits="1"></line>
								<line number="206" hits="1"></line>
								<line number="207" hits="1"></line>
								<line number="208" hits="1"></line>
								<line number="210" hits="1"></line>
								<line number="211" hits="1"></line>
								<line number="215" hits="1"></line>
								<line number="222" hits="1"></line>
								<line number="223" hits="1"></line>
								<line number="224" hits="1"></line>
								<line number="225" hits="1"></line>
								<line number="227" hits="1"></line>
								<line number="228" hits="1"></line>
								<line number="229" hits="1"></line>
								<line number="233" hits="1"></line>
								<line number="234" hits="1"></line>
								<line number="238" hits="1"></line>
								<line number="239" hits="1"></line>
								<line number="241" hits="1"></line>
								<line number="242" hits="1"></line>
								<line number="243" hits="1"></line>
								<line number="247" hits="1"></line>
								<line number="248" hits="1"></line>
								<line number="249" hits="1"></line>
								<line number="250" hits="1"></line>
								<line number="253" hits="1"></line>
								<line number="254" hits="1"></line>
								<line number="258" hits="1"></line>
								<line number="262" hits="1"></line>
								<line number="263" hits="1"></line>
								<line number="264" hits="1"></line>
								<line number="266" hits="1"></line>
								<line number="270" hits="1"></line>
								<line number="272" hits="1"></line>
								<line number="273" hits="1"></line>
								<line number="275" hits="1"></line>
								<line number="277" hits="1"></line>
								<line number="278" hits="1"></line>
								<line number="281" hits="1"></line>
								<line number="283" hits="1"></line>
							</lines>
						</method>
						<method name="parameters" signature="" line-rate="0" branch-rate="0">
							<lines>
								<line number="288" hits="1"></line>
								<line number="289" hits="1"></line>
								<line number="290" hits="1"></line>
								<line number="291" hits="1"></line>
								<line number="292" hits="1"></line>
								<line number="296" hits="1"></line>
								<line number="297" hits="1"></line>
								<line number="298" hits="1"></line>
								<line number="300" hits="1"></line>
								<line number="302" hits="1"></line>
								<line number="304" hits="1"></line>
								<line number="305" hits="1"></line>
								<line number="309" hits="1"></line>
								<line number="310" hits="1"></line>
								<line number="312" hits="1"></line>
								<line number="315" hits="1"></line>
								<line number="317" hits="1"></line>
								<line number="318" hits="1"></line>
								<line number="319" hits="1"></line>
								<line number="322" hits="1"></line>
								<line number="329" hits="1"></line>
								<line number="330" hits="1"></line>
								<line number="333" hits="1"></line>
								<line number="334" hits="1"></line>
								<line number="338" hits="1"></line>
								<line number="339" hits="1"></line>
								<line number="340" hits="1"></line>
								<line number="343" hits="1"></line>
								<line number="344" hits="1"></line>
								<line number="347" hits="1"></line>
							</lines>
						</method>
						<method name="signature" signature="" line-rate="0" branch-rate="0">
							<lines>
								<line number="351" hits="1"></line>
								<line number="352" hits="1"></line>
								<line number="354" hits="1"></line>
								<line number="356" hits="1"></line>
								<line number="357" hits="1"></line>
								<line number="359" hits="1"></line>
								<line number="360" hits="1"></line>
								<line number="362" hits="1"></line>
								<line number="363" hits="1"></line>
								<line number="365" hits="1"></line>
							</lines>
						</method>
						<method name="isOneLineFieldList" signature="" line-rate="0" branch-rate="0">
							<lines>
								<line number="383" hits="1"></line>
								<line number="384" hits="1"></line>
								<line number="386" hits="1"></line>
								<line number="387" hits="1"></line>
								<line number="388" hits="0"></line>
								<line number="391" hits="1"></line>
								<line number="392" hits="1"></line>
								<line number="393" hits="1"></line>
								<line number="394" hits="1"></line>
								<line number="396" hits="1"></line>
								<line number="397" hits="1"></line>
							</lines>
						</method>
						<method name="setLineComment" signature="" line-rate="0" branch-rate="0">
							<lines>
								<line number="401" hits="1"></line>
							</lines>
						</method>
						<method name="fieldList" signature="" line-rate="0" branch-rate="0">
							<lines>
								<line number="405" hits="1"></line>
								<line number="406" hits="1"></line>
								<line number="407" hits="1"></line>
								<line number="408" hits="1"></line>
								<line number="409" hits="1"></line>
								<line number="411" hits="1"></line>
								<line number="413" hits="1"></line>
								<line number="415" hits="1"></line>
								<line number="416" hits="1"></line>
								<line number="417" hits="1"></line>
								<line number="420" hits="1"></line>
								<line number="421" hits="1"></line>
								<line number="422" hits="1"></line>
								<line number="423" hits="1"></line>
								<line number="425" hits="1"></line>
								<line number="427" hits="1"></line>
								<line number="429" hits="1"></line>
								<line number="430" hits="1"></line>
								<line number="432" hits="1"></line>
								<line number="433" hits="1"></line>
								<line number="434" hits="1"></line>
								<line number="439" hits="1"></line>
								<line number="440" hits="1"></line>
								<line number="441" hits="1"></line>
								<line number="444" hits="1"></line>
								<line number="446" hits="1"></line>
								<line number="447" hits="1"></line>
								<line number="448" hits="1"></line>
								<line number="450" hits="1"></line>
								<line number="451" hits="1"></line>
								<line number="452" hits="1"></line>
								<line number="453" hits="1"></line>
								<line number="455" hits="1"></line>
								<line number="456" hits="1"></line>
								<line number="457" hits="1"></line>
								<line number="458" hits="1"></line>
								<line number="460" hits="1"></line>
								<line number="461" hits="1"></line>
								<line number="462" hits="1"></line>
								<line number="463" hits="1"></line>
								<line number="466" hits="1"></line>
								<line number="467" hits="1"></line>
								<line number="469" hits="1"></line>
								<line number="470" hits="1"></line>
								<line number="471" hits="1"></line>
								<line number="473" hits="1"></line>
								<line number="474" hits="1"></line>
								<line number="475" hits="1"></line>
								<line number="477" hits="1"></line>
								<line number="478" hits="1"></line>
								<line number="479" hits="1"></line>
								<line number="481" hits="1"></line>
								<line number="484" hits="1"></line>
								<line number="485" hits="1"></line>
								<line number="486" hits="1"></line>
								<line number="488" hits="1"></line>
								<line number="489" hits="1"></line>
								<line number="494" hits="1"></line>
								<line number="495" hits="1"></line>
								<line number="496" hits="1"></line>
								<line number="497" hits="1"></line>
								<line number="499" hits="1"></line>
								<line number="500" hits="1"></line>
								<line number="501" hits="1"></line>
								<line number="503" hits="1"></line>
								<line number="504" hits="1"></line>
								<line number="507" hits="1"></line>
								<line number="509" hits="1"></line>
								<line number="511" hits="1"></line>
								<line number="512" hits="1"></line>
								<line number="513" hits="1"></line>
								<line number="515" hits="1"></line>
								<line number="516" hits="1"></line>
								<line number="520" hits="1"></line>
							</lines>
						</method>
						<method name="binaryExpr" signature="" line-rate="0" branch-rate="0">
							<lines>
								<line number="651" hits="1"></line>
								<line number="652" hits="1"></line>
								<line number="656" hits="0"></line>
								<line number="657" hits="0"></line>
								<line number="658" hits="0"></line>
								<line number="659" hits="0"></line>
								<line number="662" hits="1"></line>
								<line number="664" hits="1"></line>
								<line number="665" hits="1"></line>
								<line number="666" hits="1"></line>
								<line number="667" hits="1"></line>
								<line number="669" hits="1"></line>
								<line number="670" hits="1"></line>
								<line number="671" hits="1"></line>
								<line number="672" hits="1"></line>
								<line number="675" hits="1"></line>
								<line number="676" hits="1"></line>
								<line number="677" hits="1"></line>
								<line number="680" hits="1"></line>
								<line number="681" hits="1"></line>
								<line number="683" hits="1"></line>
								<line number="684" hits="1"></line>
								<line number="685" hits="1"></line>
							</lines>
						</method>
						<method name="expr1" signature="" line-rate="0" branch-rate="0">
							<lines>
								<line number="695" hits="1"></line>
								<line number="697" hits="1"></line>
								<line number="699" hits="0"></line>
								<line number="702" hits="1"></line>
								<line number="705" hits="1"></line>
								<line number="706" hits="0"></line>
								<line number="707" hits="0"></line>
								<line number="709" hits="1"></line>
								<line number="712" hits="1"></line>
								<line number="713" hits="1"></line>
								<line number="714" hits="1"></line>
								<line number="717" hits="1"></line>
								<line number="718" hits="1"></line>
								<line number="720" hits="0"></line>
								<line number="721" hits="0"></line>
								<line number="722" hits="0"></line>
								<line number="723" hits="0"></line>
								<line number="726" hits="1"></line>
								<line number="727" hits="1"></line>
								<line number="731" hits="1"></line>
								<line number="732" hits="1"></line>
								<line number="734" hits="0"></line>
								<line number="735" hits="0"></line>
								<line number="736" hits="0"></line>
								<line number="739" hits="1"></line>
								<line number="740" hits="1"></line>
								<line number="742" hits="0"></line>
								<line number="744" hits="1"></line>
								<line number="748" hits="1"></line>
								<line number="751" hits="1"></line>
								<line number="752" hits="1"></line>
								<line number="755" hits="1"></line>
								<line number="758" hits="1"></line>
								<line number="760" hits="1"></line>
								<line number="761" hits="1"></line>
								<line number="762" hits="1"></line>
								<line number="766" hits="1"></line>
								<line number="767" hits="1"></line>
								<line number="768" hits="1"></line>
								<line number="769" hits="1"></line>
								<line number="771" hits="1"></line>
								<line number="775" hits="1"></line>
								<line number="776" hits="1"></line>
								<line number="777" hits="1"></line>
								<line number="778" hits="1"></line>
								<line number="780" hits="1"></line>
								<line number="782" hits="1"></line>
								<line number="786" hits="1"></line>
								<line number="787" hits="1"></line>
								<line number="788" hits="1"></line>
								<line number="789" hits="1"></line>
								<line number="793" hits="1"></line>
								<line number="794" hits="1"></line>
								<line number="795" hits="1"></line>
								<line number="796" hits="1"></line>
								<line number="797" hits="1"></line>
								<line number="799" hits="1"></line>
								<line number="800" hits="1"></line>
								<line number="804" hits="1"></line>
								<line number="805" hits="1"></line>
								<line number="806" hits="1"></line>
								<line number="808" hits="1"></line>
								<line number="811" hits="1"></line>
								<line number="812" hits="1"></line>
								<line number="815" hits="1"></line>
								<line number="818" hits="1"></line>
								<line number="819" hits="1"></line>
								<line number="821" hits="1"></line>
								<line number="823" hits="1"></line>
								<line number="824" hits="1"></line>
								<line number="825" hits="1"></line>
								<line number="827" hits="1"></line>
								<line number="829" hits="1"></line>
								<line number="830" hits="1"></line>
								<line number="831" hits="1"></line>
								<line number="832" hits="1"></line>
								<line number="833" hits="1"></line>
								<line number="834" hits="1"></line>
								<line number="837" hits="1"></line>
								<line number="839" hits="1"></line>
								<line number="843" hits="1"></line>
								<line number="844" hits="1"></line>
								<line number="846" hits="1"></line>
								<line number="847" hits="1"></line>
								<line number="851" hits="1"></line>
								<line number="854" hits="1"></line>
								<line number="855" hits="1"></line>
								<line number="857" hits="1"></line>
								<line number="860" hits="1"></line>
								<line number="861" hits="1"></line>
								<line number="862" hits="1"></line>
								<line number="866" hits="1"></line>
								<line number="867" hits="1"></line>
								<line number="868" hits="1"></line>
								<line number="870" hits="1"></line>
								<line number="871" hits="1"></line>
								<line number="874" hits="1"></line>
								<line number="875" hits="1"></line>
								<line number="878" hits="1"></line>
								<line number="879" hits="1"></line>
								<line number="882" hits="1"></line>
								<line number="883" hits="1"></line>
								<line number="886" hits="1"></line>
								<line number="887" hits="1"></line>
								<line number="888" hits="1"></line>
								<line number="889" hits="1"></line>
								<line number="892" hits="1"></line>
								<line number="894" hits="1"></line>
								<line number="896" hits="1"></line>
								<line number="898" hits="1"></line>
								<line number="900" hits="1"></line>
								<line number="901" hits="1"></line>
								<line number="904" hits="0"></line>
								<line number="907" hits="1"></line>
							</lines>
						</method>
						<method name="expr0" signature="" line-rate="0" branch-rate="0">
							<lines>
								<line number="911" hits="1"></line>
							</lines>
						</method>
						<method name="expr" signature="" line-rate="0" branch-rate="0">
							<lines>
								<line number="915" hits="1"></line>
								<line number="916" hits="1"></line>
							</lines>
						</method>
						<method name="stmtList" signature="" line-rate="0" branch-rate="0">
							<lines>
								<line number="926" hits="1"></line>
								<line number="927" hits="1"></line>
								<line number="929" hits="1"></line>
								<line number="930" hits="1"></line>
								<line number="931" hits="1"></line>
								<line number="933" hits="1"></line>
								<line number="936" hits="1"></line>
								<line number="939" hits="1"></line>
								<line number="941" hits="1"></line>
								<line number="942" hits="1"></line>
								<line number="946" hits="1"></line>
								<line number="947" hits="1"></line>
								<line number="948" hits="1"></line>
								<line number="949" hits="1"></line>
								<line number="951" hits="1"></line>
								<line number="952" hits="1"></line>
								<line number="954" hits="1"></line>
								<line number="957" hits="1"></line>
								<line number="958" hits="1"></line>
							</lines>
						</method>
						<method name="block" signature="" line-rate="0" branch-rate="0">
							<lines>
								<line number="964" hits="1"></line>
								<line number="965" hits="1"></line>
								<line number="966" hits="1"></line>
								<line number="967" hits="1"></line>
							</lines>
						</method>
						<method name="controlClause" signature="" line-rate="0" branch-rate="0">
							<lines>
								<line number="1014" hits="1"></line>
								<line number="1015" hits="1"></line>
								<line number="1016" hits="1"></line>
								<line number="1018" hits="1"></line>
								<line number="1019" hits="1"></line>
								<line number="1020" hits="1"></line>
								<line number="1025" hits="1"></line>
								<line number="1026" hits="1"></line>
								<line number="1028" hits="1"></line>
								<line number="1029" hits="1"></line>
								<line number="1030" hits="1"></line>
								<line number="1031" hits="1"></line>
								<line number="1033" hits="1"></line>
								<line number="1034" hits="1"></line>
								<line number="1035" hits="1"></line>
								<line number="1036" hits="1"></line>
								<line number="1037" hits="1"></line>
								<line number="1038" hits="1"></line>
								<line number="1042" hits="1"></line>
								<line number="1043" hits="1"></line>
							</lines>
						</method>
						<method name="indentList" signature="" line-rate="0" branch-rate="0">
							<lines>
								<line number="1055" hits="1"></line>
								<line number="1056" hits="1"></line>
								<line number="1057" hits="1"></line>
								<line number="1058" hits="1"></line>
								<line number="1060" hits="1"></line>
								<line number="1061" hits="1"></line>
								<line number="1062" hits="1"></line>
								<line number="1063" hits="1"></line>
								<line number="1064" hits="1"></line>
								<line number="1065" hits="1"></line>
								<line number="1068" hits="1"></line>
								<line number="1070" hits="1"></line>
								<line number="1072" hits="1"></line>
								<line number="1074" hits="1"></line>
								<line number="1076" hits="1"></line>
								<line number="1079" hits="1"></line>
							</lines>
						</method>
						<method name="stmt" signature="" line-rate="0" branch-rate="0">
							<lines>
								<line number="1083" hits="1"></line>
								<line number="1085" hits="1"></line>
								<line number="1087" hits="0"></line>
								<line number="1090" hits="1"></line>
								<line number="1099" hits="1"></line>
								<line number="1100" hits="1"></line>
								<line number="1101" hits="1"></line>
								<line number="1102" hits="1"></line>
								<line number="1103" hits="1"></line>
								<line number="1104" hits="1"></line>
								<line number="1105" hits="1"></line>
								<line number="1108" hits="1"></line>
								<line number="1110" hits="1"></line>
								<line number="1113" hits="1"></line>
								<line number="1114" hits="1"></line>
								<line number="1117" hits="1"></line>
								<line number="1118" hits="1"></line>
								<line number="1119" hits="1"></line>
								<line number="1120" hits="1"></line>
								<line number="1123" hits="1"></line>
								<line number="1124" hits="1"></line>
								<line number="1125" hits="1"></line>
								<line number="1128" hits="1"></line>
								<line number="1129" hits="1"></line>
								<line number="1130" hits="1"></line>
								<line number="1132" hits="1"></line>
								<line number="1133" hits="1"></line>
								<line number="1134" hits="1"></line>
								<line number="1137" hits="1"></line>
								<line number="1138" hits="1"></line>
								<line number="1141" hits="1"></line>
								<line number="1142" hits="1"></line>
								<line number="1145" hits="1"></line>
								<line number="1146" hits="1"></line>
								<line number="1147" hits="1"></line>
								<line number="1153" hits="1"></line>
								<line number="1154" hits="1"></line>
								<line number="1155" hits="1"></line>
								<line number="1156" hits="1"></line>
								<line number="1158" hits="1"></line>
								<line number="1163" hits="1"></line>
								<line number="1164" hits="1"></line>
								<line number="1165" hits="1"></line>
								<line number="1166" hits="1"></line>
								<line number="1170" hits="1"></line>
								<line number="1173" hits="1"></line>
								<line number="1174" hits="1"></line>
								<line number="1175" hits="1"></line>
								<line number="1176" hits="1"></line>
								<line number="1177" hits="1"></line>
								<line number="1178" hits="1"></line>
								<line number="1180" hits="1"></line>
								<line number="1182" hits="0"></line>
								<line number="1183" hits="0"></line>
								<line number="1184" hits="0"></line>
								<line number="1189" hits="1"></line>
								<line number="1190" hits="1"></line>
								<line number="1191" hits="1"></line>
								<line number="1193" hits="1"></line>
								<line number="1195" hits="1"></line>
								<line number="1196" hits="1"></line>
								<line number="1199" hits="1"></line>
								<line number="1200" hits="1"></line>
								<line number="1201" hits="1"></line>
								<line number="1204" hits="1"></line>
								<line number="1205" hits="1"></line>
								<line number="1206" hits="1"></line>
								<line number="1207" hits="1"></line>
								<line number="1208" hits="1"></line>
								<line number="1210" hits="1"></line>
								<line number="1211" hits="1"></line>
								<line number="1212" hits="1"></line>
								<line number="1213" hits="1"></line>
								<line number="1216" hits="1"></line>
								<line number="1217" hits="1"></line>
								<line number="1218" hits="1"></line>
								<line number="1220" hits="0"></line>
								<line number="1222" hits="1"></line>
								<line number="1223" hits="1"></line>
								<line number="1226" hits="1"></line>
								<line number="1227" hits="1"></line>
								<line number="1228" hits="1"></line>
								<line number="1230" hits="1"></line>
								<line number="1232" hits="1"></line>
								<line number="1236" hits="1"></line>
								<line number="1237" hits="1"></line>
								<line number="1238" hits="1"></line>
								<line number="1241" hits="1"></line>
								<line number="1242" hits="1"></line>
								<line number="1243" hits="1"></line>
								<line number="1246" hits="1"></line>
								<line number="1247" hits="1"></line>
								<line number="1249" hits="1"></line>
								<line number="1250" hits="1"></line>
								<line number="1251" hits="1"></line>
								<line number="1252" hits="1"></line>
								<line number="1255" hits="0"></line>
								<line number="1258" hits="1"></line>
							</lines>
						</method>
						<method name="valueSpec" signature="" line-rate="0" branch-rate="0">
							<lines>
								<line number="1330" hits="1"></line>
								<line number="1331" hits="1"></line>
								<line number="1332" hits="1"></line>
								<line number="1333" hits="1"></line>
								<line number="1334" hits="1"></line>
								<line number="1335" hits="1"></line>
								<line number="1337" hits="1"></line>
								<line number="1338" hits="1"></line>
								<line number="1340" hits="1"></line>
								<line number="1341" hits="1"></line>
								<line number="1342" hits="1"></line>
								<line number="1343" hits="1"></line>
								<line number="1345" hits="1"></line>
								<line number="1346" hits="1"></line>
								<line number="1347" hits="1"></line>
								<line number="1349" hits="1"></line>
							</lines>
						</method>
						<method name="spec" signature="" line-rate="0" branch-rate="0">
							<lines>
								<line number="1358" hits="1"></line>
								<line number="1360" hits="1"></line>
								<line number="1361" hits="1"></line>
								<line number="1362" hits="1"></line>
								<line number="1363" hits="1"></line>
								<line number="1365" hits="1"></line>
								<line number="1366" hits="1"></line>
								<line number="1367" hits="1"></line>
								<line number="1370" hits="1"></line>
								<line number="1371" hits="0"></line>
								<line number="1373" hits="1"></line>
								<line number="1374" hits="1"></line>
								<line number="1375" hits="1"></line>
								<line number="1376" hits="1"></line>
								<line number="1377" hits="1"></line>
								<line number="1379" hits="1"></line>
								<line number="1380" hits="1"></line>
								<line number="1381" hits="1"></line>
								<line number="1383" hits="1"></line>
								<line number="1386" hits="1"></line>
								<line number="1387" hits="1"></line>
								<line number="1388" hits="1"></line>
								<line number="1389" hits="1"></line>
								<line number="1391" hits="1"></line>
								<line number="1393" hits="1"></line>
								<line number="1394" hits="1"></line>
								<line number="1397" hits="0"></line>
							</lines>
						</method>
						<method name="genDecl" signature="" line-rate="0" branch-rate="0">
							<lines>
								<line number="1402" hits="1"></line>
								<line number="1403" hits="1"></line>
								<line number="1405" hits="1"></line>
								<line number="1407" hits="1"></line>
								<line number="1408" hits="1"></line>
								<line number="1409" hits="1"></line>
								<line number="1410" hits="1"></line>
								<line number="1413" hits="1"></line>
								<line number="1414" hits="1"></line>
								<line number="1415" hits="1"></line>
								<line number="1416" hits="1"></line>
								<line number="1417" hits="1"></line>
								<line number="1419" hits="1"></line>
								<line number="1420" hits="1"></line>
								<line number="1423" hits="1"></line>
								<line number="1424" hits="1"></line>
								<line number="1425" hits="1"></line>
								<line number="1426" hits="1"></line>
								<line number="1428" hits="1"></line>
								<line number="1429" hits="1"></line>
								<line number="1432" hits="1"></line>
								<line number="1434" hits="1"></line>
								<line number="1438" hits="1"></line>
							</lines>
						</method>
						<method name="nodeSize" signature="" line-rate="0" branch-rate="0">
							<lines>
								<line number="1452" hits="1"></line>
								<line number="1453" hits="1"></line>
								<line number="1456" hits="1"></line>
								<line number="1457" hits="1"></line>
								<line number="1462" hits="1"></line>
								<line number="1463" hits="1"></line>
								<line number="1464" hits="1"></line>
								<line number="1465" hits="0"></line>
								<line number="1467" hits="1"></line>
								<line number="1468" hits="1"></line>
								<line number="1469" hits="1"></line>
								<line number="1470" hits="1"></line>
								<line number="1473" hits="1"></line>
								<line number="1474" hits="1"></line>
								<line number="1476" hits="1"></line>
							</lines>
						</method>
						<method name="bodySize" signature="" line-rate="0" branch-rate="0">
							<lines>
								<line number="1481" hits="1"></line>
								<line number="1482" hits="1"></line>
								<line number="1483" hits="1"></line>
								<line number="1485" hits="1"></line>
								<line number="1487" hits="1"></line>
								<line number="1489" hits="1"></line>
								<line number="1492" hits="1"></line>
								<line number="1493" hits="1"></line>
								<line number="1494" hits="1"></line>
								<line number="1495" hits="0"></line>
								<line number="1497" hits="1"></line>
								<line number="1498" hits="1"></line>
								<line number="1500" hits="1"></line>
								<line number="1502" hits="1"></line>
							</lines>
						</method>
						<method name="adjBlock" signature="" line-rate="0" branch-rate="0">
							<lines>
								<line number="1513" hits="1"></line>
								<line number="1514" hits="1"></line>
								<line number="1517" hits="1"></line>
								<line number="1518" hits="1"></line>
								<line number="1519" hits="1"></line>
								<line number="1520" hits="1"></line>
								<line number="1521" hits="1"></line>
								<line number="1522" hits="1"></line>
								<line number="1523" hits="1"></line>
								<line number="1524" hits="1"></line>
								<line number="1526" hits="1"></line>
								<line number="1528" hits="1"></line>
								<line number="1530" hits="1"></line>
								<line number="1531" hits="1"></line>
								<line number="1534" hits="1"></line>
								<line number="1535" hits="1"></line>
								<line number="1537" hits="1"></line>
							</lines>
						</method>
						<method name="distanceFrom" signature="" line-rate="0" branch-rate="0">
							<lines>
								<line number="1544" hits="1"></line>
								<line number="1545" hits="1"></line>
								<line number="1546" hits="1"></line>
								<line number="1549" hits="1"></line>
							</lines>
						</method>
						<method name="funcDecl" signature="" line-rate="0" branch-rate="0">
							<lines>
								<line number="1553" hits="1"></line>
								<line number="1554" hits="1"></line>
								<line number="1555" hits="1"></line>
								<line number="1556" hits="1"></line>
								<line number="1557" hits="1"></line>
								<line number="1559" hits="1"></line>
								<line number="1560" hits="1"></line>
								<line number="1561" hits="1"></line>
							</lines>
						</method>
						<method name="anthaDecl" signature="" line-rate="0" branch-rate="0">
							<lines>
								<line number="1566" hits="0"></line>
								<line number="1568" hits="0"></line>
								<line number="1571" hits="0"></line>
							</lines>
						</method>
						<method name="decl" signature="" line-rate="0" branch-rate="0">
							<lines>
								<line number="1575" hits="1"></line>
								<line number="1577" hits="1"></line>
								<line number="1579" hits="1"></line>
								<line number="1581" hits="1"></line>
								<line number="1583" hits="0"></line>
								<line number="1585" hits="0"></line>
							</lines>
						</method>
						<method name="declList" signature="" line-rate="0" branch-rate="0">
							<lines>
								<line number="1604" hits="1"></line>
								<line number="1605" hits="1"></line>
								<line number="1606" hits="1"></line>
								<line number="1607" hits="1"></line>
								<line number="1615" hits="1"></line>
								<line number="1618" hits="1"></line>
								<line number="1619" hits="1"></line>
								<line number="1620" hits="1"></line>
								<line number="1622" hits="1"></line>
								<line number="1624" hits="1"></line>
							</lines>
						</method>
						<method name="file" signature="" line-rate="0" branch-rate="0">
							<lines>
								<line number="1629" hits="1"></line>
								<line number="1630" hits="1"></line>
								<line number="1631" hits="1"></line>
								<line number="1632" hits="1"></line>
								<line number="1633" hits="1"></line>
							</lines>
						</method>
					</methods>
					<lines>
						<line number="66" hits="1"></line>
						<line number="67" hits="1"></line>
						<line number="68" hits="1"></line>
						<line number="70" hits="1"></line>
						<line number="71" hits="1"></line>
						<line number="72" hits="1"></line>
						<line number="73" hits="1"></line>
						<line number="74" hits="1"></line>
						<line number="76" hits="1"></line>
						<line number="77" hits="1"></line>
						<line number="79" hits="1"></line>
						<line number="81" hits="1"></line>
						<line number="89" hits="1"></line>
						<line number="90" hits="1"></line>
						<line number="92" hits="1"></line>
						<line number="94" hits="1"></line>
						<line number="95" hits="1"></line>
						<line number="99" hits="0"></line>
						<line number="100" hits="0"></line>
						<line number="102" hits="0"></line>
						<line number="104" hits="1"></line>
						<line number="105" hits="1"></line>
						<line number="110" hits="1"></line>
						<line number="111" hits="1"></line>
						<line number="126" hits="1"></line>
						<line number="127" hits="1"></line>
						<line number="128" hits="1"></line>
						<line number="130" hits="1"></line>
						<line number="131" hits="1"></line>
						<line number="132" hits="1"></line>
						<line number="134" hits="1"></line>
						<line number="145" hits="1"></line>
						<line number="146" hits="1"></line>
						<line number="149" hits="1"></line>
						<line number="150" hits="1"></line>
						<line number="151" hits="1"></line>
						<line number="152" hits="1"></line>
						<line number="154" hits="1"></line>
						<line number="156" hits="1"></line>
						<line number="157" hits="1"></line>
						<line number="160" hits="1"></line>
						<line number="162" hits="1"></line>
						<line number="164" hits="1"></line>
						<line number="172" hits="1"></line>
						<line number="173" hits="1"></line>
						<line number="174" hits="1"></line>
						<line number="179" hits="1"></line>
						<line number="180" hits="1"></line>
						<line number="181" hits="1"></line>
						<line number="182" hits="1"></line>
						<line number="186" hits="1"></line>
						<line number="189" hits="1"></line>
						<line number="190" hits="1"></line>
						<line number="191" hits="1"></line>
						<line number="198" hits="1"></line>
						<line number="204" hits="1"></line>
						<line number="205" hits="1"></line>
						<line number="206" hits="1"></line>
						<line number="207" hits="1"></line>
						<line number="208" hits="1"></line>
						<line number="210" hits="1"></line>
						<line number="211" hits="1"></line>
						<line number="215" hits="1"></line>
						<line number="222" hits="1"></line>
						<line number="223" hits="1"></line>
						<line number="224" hits="1"></line>
						<line number="225" hits="1"></line>
						<line number="227" hits="1"></line>
						<line number="228" hits="1"></line>
						<line number="229" hits="1"></line>
						<line number="233" hits="1"></line>
						<line number="234" hits="1"></line>
						<line number="238" hits="1"></line>
						<line number="239" hits="1"></line>
						<line number="241" hits="1"></line>
						<line number="242" hits="1"></line>
						<line number="243" hits="1"></line>
						<line number="247" hits="1"></line>
						<line number="248" hits="1"></line>
						<line number="249" hits="1"></line>
						<line number="250" hits="1"></line>
						<line number="253" hits="1"></line>
						<line number="254" hits="1"></line>
						<line number="258" hits="1"></line>
						<line number="262" hits="1"></line>
						<line number="263" hits="1"></line>
						<line number="264" hits="1"></line>
						<line number="266" hits="1"></line>
						<line number="270" hits="1"></line>
						<line number="272" hits="1"></line>
						<line number="273" hits="1"></line>
						<line number="275" hits="1"></line>
						<line number="277" hits="1"></line>
						<line number="278" hits="1"></line>
						<line number="281" hits="1"></line>
						<line number="283" hits="1"></line>
						<line number="288" hits="1"></line>
						<line number="289" hits="1"></line>
						<line number="290" hits="1"></line>
						<line number="291" hits="1"></line>
						<line number="292" hits="1"></line>
						<line number="296" hits="1"></line>
						<line number="297" hits="1"></line>
						<line number="298" hits="1"></line>
						<line number="300" hits="1"></line>
						<line number="302" hits="1"></line>
						<line number="304" hits="1"></line>
						<line number="305" hits="1"></line>
						<line number="309" hits="1"></line>
						<line number="310" hits="1"></line>
						<line number="312" hits="1"></line>
						<line number="315" hits="1"></line>
						<line number="317" hits="1"></line>
						<line number="318" hits="1"></line>
						<line number="319" hits="1"></line>
						<line number="322" hits="1"></line>
						<line number="329" hits="1"></line>
						<line number="330" hits="1"></line>
						<line number="333" hits="1"></line>
						<line number="334" hits="1"></line>
						<line number="338" hits="1"></line>
						<line number="339" hits="1"></line>
						<line number="340" hits="1"></line>
						<line number="343" hits="1"></line>
						<line number="344" hits="1"></line>
						<line number="347" hits="1"></line>
						<line number="351" hits="1"></line>
						<line number="352" hits="1"></line>
						<line number="354" hits="1"></line>
						<line number="356" hits="1"></line>
						<line number="357" hits="1"></line>
						<line number="359" hits="1"></line>
						<line number="360" hits="1"></line>
						<line number="362" hits="1"></line>
						<line number="363" hits="1"></line>
						<line number="365" hits="1"></line>
						<line number="383" hits="1"></line>
						<line number="384" hits="1"></line>
						<line number="386" hits="1"></line>
						<line number="387" hits="1"></line>
						<line number="388" hits="0"></line>
						<line number="391" hits="1"></line>
						<line number="392" hits="1"></line>
						<line number="393" hits="1"></line>
						<line number="394" hits="1"></line>
						<line number="396" hits="1"></line>
						<line number="397" hits="1"></line>
						<line number="401" hits="1"></line>
						<line number="405" hits="1"></line>
						<line number="406" hits="1"></line>
						<line number="407" hits="1"></line>
						<line number="408" hits="1"></line>
						<line number="409" hits="1"></line>
						<line number="411" hits="1"></line>
						<line number="413" hits="1"></line>
						<line number="415" hits="1"></line>
						<line number="416" hits="1"></line>
						<line number="417" hits="1"></line>
						<line number="420" hits="1"></line>
						<line number="421" hits="1"></line>
						<line number="422" hits="1"></line>
						<line number="423" hits="1"></line>
						<line number="425" hits="1"></line>
						<line number="427" hits="1"></line>
						<line number="429" hits="1"></line>
						<line number="430" hits="1"></line>
						<line number="432" hits="1"></line>
						<line number="433" hits="1"></line>
						<line number="434" hits="1"></line>
						<line number="439" hits="1"></line>
						<line number="440" hits="1"></line>
						<line number="441" hits="1"></line>
						<line number="444" hits="1"></line>
						<line number="446" hits="1"></line>
						<line number="447" hits="1"></line>
						<line number="448" hits="1"></line>
						<line number="450" hits="1"></line>
						<line number="451" hits="1"></line>
						<line number="452" hits="1"></line>
						<line number="453" hits="1"></line>
						<line number="455" hits="1"></line>
						<line number="456" hits="1"></line>
						<line number="457" hits="1"></line>
						<line number="458" hits="1"></line>
						<line number="460" hits="1"></line>
						<line number="461" hits="1"></line>
						<line number="462" hits="1"></line>
						<line number="463" hits="1"></line>
						<line number="466" hits="1"></line>
						<line number="467" hits="1"></line>
						<line number="469" hits="1"></line>
						<line number="470" hits="1"></line>
						<line number="471" hits="1"></line>
						<line number="473" hits="1"></line>
						<line number="474" hits="1"></line>
						<line number="475" hits="1"></line>
						<line number="477" hits="1"></line>
						<line number="478" hits="1"></line>
						<line number="479" hits="1"></line>
						<line number="481" hits="1"></line>
						<line number="484" hits="1"></line>
						<line number="485" hits="1"></line>
						<line number="486" hits="1"></line>
						<line number="488" hits="1"></line>
						<line number="489" hits="1"></line>
						<line number="494" hits="1"></line>
						<line number="495" hits="1"></line>
						<line number="496" hits="1"></line>
						<line number="497" hits="1"></line>
						<line number="499" hits="1"></line>
						<line number="500" hits="1"></line>
						<line number="501" hits="1"></line>
						<line number="503" hits="1"></line>
						<line number="504" hits="1"></line>
						<line number="507" hits="1"></line>
						<line number="509" hits="1"></line>
						<line number="511" hits="1"></line>
						<line number="512" hits="1"></line>
						<line number="513" hits="1"></line>
						<line number="515" hits="1"></line>
						<line number="516" hits="1"></line>
						<line number="520" hits="1"></line>
						<line number="651" hits="1"></line>
						<line number="652" hits="1"></line>
						<line number="656" hits="0"></line>
						<line number="657" hits="0"></line>
						<line number="658" hits="0"></line>
						<line number="659" hits="0"></line>
						<line number="662" hits="1"></line>
						<line number="664" hits="1"></line>
						<line number="665" hits="1"></line>
						<line number="666" hits="1"></line>
						<line number="667" hits="1"></line>
						<line number="669" hits="1"></line>
						<line number="670" hits="1"></line>
						<line number="671" hits="1"></line>
						<line number="672" hits="1"></line>
						<line number="675" hits="1"></line>
						<line number="676" hits="1"></line>
						<line number="677" hits="1"></line>
						<line number="680" hits="1"></line>
						<line number="681" hits="1"></line>
						<line number="683" hits="1"></line>
						<line number="684" hits="1"></line>
						<line number="685" hits="1"></line>
						<line number="695" hits="1"></line>
						<line number="697" hits="1"></line>
						<line number="699" hits="0"></line>
						<line number="702" hits="1"></line>
						<line number="705" hits="1"></line>
						<line number="706" hits="0"></line>
						<line number="707" hits="0"></line>
						<line number="709" hits="1"></line>
						<line number="712" hits="1"></line>
						<line number="713" hits="1"></line>
						<line number="714" hits="1"></line>
						<line number="717" hits="1"></line>
						<line number="718" hits="1"></line>
						<line number="720" hits="0"></line>
						<line number="721" hits="0"></line>
						<line number="722" hits="0"></line>
						<line number="723" hits="0"></line>
						<line number="726" hits="1"></line>
						<line number="727" hits="1"></line>
						<line number="731" hits="1"></line>
						<line number="732" hits="1"></line>
						<line number="734" hits="0"></line>
						<line number="735" hits="0"></line>
						<line number="736" hits="0"></line>
						<line number="739" hits="1"></line>
						<line number="740" hits="1"></line>
						<line number="742" hits="0"></line>
						<line number="744" hits="1"></line>
						<line number="748" hits="1"></line>
						<line number="751" hits="1"></line>
						<line number="752" hits="1"></line>
						<line number="755" hits="1"></line>
						<line number="758" hits="1"></line>
						<line number="760" hits="1"></line>
						<line number="761" hits="1"></line>
						<line number="762" hits="1"></line>
						<line number="766" hits="1"></line>
						<line number="767" hits="1"></line>
						<line number="768" hits="1"></line>
						<line number="769" hits="1"></line>
						<line number="771" hits="1"></line>
						<line number="775" hits="1"></line>
						<line number="776" hits="1"></line>
						<line number="777" hits="1"></line>
						<line number="778" hits="1"></line>
						<line number="780" hits="1"></line>
						<line number="782" hits="1"></line>
						<line number="786" hits="1"></line>
						<line number="787" hits="1"></line>
						<line number="788" hits="1"></line>
						<line number="789" hits="1"></line>
						<line number="793" hits="1"></line>
						<line number="794" hits="1"></line>
						<line number="795" hits="1"></line>
						<line number="796" hits="1"></line>
						<line number="797" hits="1"></line>
						<line number="799" hits="1"></line>
						<line number="800" hits="1"></line>
						<line number="804" hits="1"></line>
						<line number="805" hits="1"></line>
						<line number="806" hits="1"></line>
						<line number="808" hits="1"></line>
						<line number="811" hits="1"></line>
						<line number="812" hits="1"></line>
						<line number="815" hits="1"></line>
						<line number="818" hits="1"></line>
						<line number="819" hits="1"></line>
						<line number="821" hits="1"></line>
						<line number="823" hits="1"></line>
						<line number="824" hits="1"></line>
						<line number="825" hits="1"></line>
						<line number="827" hits="1"></line>
						<line number="829" hits="1"></line>
						<line number="830" hits="1"></line>
						<line number="831" hits="1"></line>
						<line number="832" hits="1"></line>
						<line number="833" hits="1"></line>
						<line number="834" hits="1"></line>
						<line number="837" hits="1"></line>
						<line number="839" hits="1"></line>
						<line number="843" hits="1"></line>
						<line number="844" hits="1"></line>
						<line number="846" hits="1"></line>
						<line number="847" hits="1"></line>
						<line number="851" hits="1"></line>
						<line number="854" hits="1"></line>
						<line number="855" hits="1"></line>
						<line number="857" hits="1"></line>
						<line number="860" hits="1"></line>
						<line number="861" hits="1"></line>
						<line number="862" hits="1"></line>
						<line number="866" hits="1"></line>
						<line number="867" hits="1"></line>
						<line number="868" hits="1"></line>
						<line number="870" hits="1"></line>
						<line number="871" hits="1"></line>
						<line number="874" hits="1"></line>
						<line number="875" hits="1"></line>
						<line number="878" hits="1"></line>
						<line number="879" hits="1"></line>
						<line number="882" hits="1"></line>
						<line number="883" hits="1"></line>
						<line number="886" hits="1"></line>
						<line number="887" hits="1"></line>
						<line number="888" hits="1"></line>
						<line number="889" hits="1"></line>
						<line number="892" hits="1"></line>
						<line number="894" hits="1"></line>
						<line number="896" hits="1"></line>
						<line number="898" hits="1"></line>
						<line number="900" hits="1"></line>
						<line number="901" hits="1"></line>
						<line number="904" hits="0"></line>
						<line number="907" hits="1"></line>
						<line number="911" hits="1"></line>
						<line number="915" hits="1"></line>
						<line number="916" hits="1"></line>
						<line number="926" hits="1"></line>
						<line number="927" hits="1"></line>
						<line number="929" hits="1"></line>
						<line number="930" hits="1"></line>
						<line number="931" hits="1"></line>
						<line number="933" hits="1"></line>
						<line number="936" hits="1"></line>
						<line number="939" hits="1"></line>
						<line number="941" hits="1"></line>
						<line number="942" hits="1"></line>
						<line number="946" hits="1"></line>
						<line number="947" hits="1"></line>
						<line number="948" hits="1"></line>
						<line number="949" hits="1"></line>
						<line number="951" hits="1"></line>
						<line number="952" hits="1"></line>
						<line number="954" hits="1"></line>
						<line number="957" hits="1"></line>
						<line number="958" hits="1"></line>
						<line number="964" hits="1"></line>
						<line number="965" hits="1"></line>
						<line number="966" hits="1"></line>
						<line number="967" hits="1"></line>
						<line number="1014" hits="1"></line>
						<line number="1015" hits="1"></line>
						<line number="1016" hits="1"></line>
						<line number="1018" hits="1"></line>
						<line number="1019" hits="1"></line>
						<line number="1020" hits="1"></line>
						<line number="1025" hits="1"></line>
						<line number="1026" hits="1"></line>
						<line number="1028" hits="1"></line>
						<line number="1029" hits="1"></line>
						<line number="1030" hits="1"></line>
						<line number="1031" hits="1"></line>
						<line number="1033" hits="1"></line>
						<line number="1034" hits="1"></line>
						<line number="1035" hits="1"></line>
						<line number="1036" hits="1"></line>
						<line number="1037" hits="1"></line>
						<line number="1038" hits="1"></line>
						<line number="1042" hits="1"></line>
						<line number="1043" hits="1"></line>
						<line number="1055" hits="1"></line>
						<line number="1056" hits="1"></line>
						<line number="1057" hits="1"></line>
						<line number="1058" hits="1"></line>
						<line number="1060" hits="1"></line>
						<line number="1061" hits="1"></line>
						<line number="1062" hits="1"></line>
						<line number="1063" hits="1"></line>
						<line number="1064" hits="1"></line>
						<line number="1065" hits="1"></line>
						<line number="1068" hits="1"></line>
						<line number="1070" hits="1"></line>
						<line number="1072" hits="1"></line>
						<line number="1074" hits="1"></line>
						<line number="1076" hits="1"></line>
						<line number="1079" hits="1"></line>
						<line number="1083" hits="1"></line>
						<line number="1085" hits="1"></line>
						<line number="1087" hits="0"></line>
						<line number="1090" hits="1"></line>
						<line number="1099" hits="1"></line>
						<line number="1100" hits="1"></line>
						<line number="1101" hits="1"></line>
						<line number="1102" hits="1"></line>
						<line number="1103" hits="1"></line>
						<line number="1104" hits="1"></line>
						<line number="1105" hits="1"></line>
						<line number="1108" hits="1"></line>
						<line number="1110" hits="1"></line>
						<line number="1113" hits="1"></line>
						<line number="1114" hits="1"></line>
						<line number="1117" hits="1"></line>
						<line number="1118" hits="1"></line>
						<line number="1119" hits="1"></line>
						<line number="1120" hits="1"></line>
						<line number="1123" hits="1"></line>
						<line number="1124" hits="1"></line>
						<line number="1125" hits="1"></line>
						<line number="1128" hits="1"></line>
						<line number="1129" hits="1"></line>
						<line number="1130" hits="1"></line>
						<line number="1132" hits="1"></line>
						<line number="1133" hits="1"></line>
						<line number="1134" hits="1"></line>
						<line number="1137" hits="1"></line>
						<line number="1138" hits="1"></line>
						<line number="1141" hits="1"></line>
						<line number="1142" hits="1"></line>
						<line number="1145" hits="1"></line>
						<line number="1146" hits="1"></line>
						<line number="1147" hits="1"></line>
						<line number="1153" hits="1"></line>
						<line number="1154" hits="1"></line>
						<line number="1155" hits="1"></line>
						<line number="1156" hits="1"></line>
						<line number="1158" hits="1"></line>
						<line number="1163" hits="1"></line>
						<line number="1164" hits="1"></line>
						<line number="1165" hits="1"></line>
						<line number="1166" hits="1"></line>
						<line number="1170" hits="1"></line>
						<line number="1173" hits="1"></line>
						<line number="1174" hits="1"></line>
						<line number="1175" hits="1"></line>
						<line number="1176" hits="1"></line>
						<line number="1177" hits="1"></line>
						<line number="1178" hits="1"></line>
						<line number="1180" hits="1"></line>
						<line number="1182" hits="0"></line>
						<line number="1183" hits="0"></line>
						<line number="1184" hits="0"></line>
						<line number="1189" hits="1"></line>
						<line number="1190" hits="1"></line>
						<line number="1191" hits="1"></line>
						<line number="1193" hits="1"></line>
						<line number="1195" hits="1"></line>
						<line number="1196" hits="1"></line>
						<line number="1199" hits="1"></line>
						<line number="1200" hits="1"></line>
						<line number="1201" hits="1"></line>
						<line number="1204" hits="1"></line>
						<line number="1205" hits="1"></line>
						<line number="1206" hits="1"></line>
						<line number="1207" hits="1"></line>
						<line number="1208" hits="1"></line>
						<line number="1210" hits="1"></line>
						<line number="1211" hits="1"></line>
						<line number="1212" hits="1"></line>
						<line number="1213" hits="1"></line>
						<line number="1216" hits="1"></line>
						<line number="1217" hits="1"></line>
						<line number="1218" hits="1"></line>
						<line number="1220" hits="0"></line>
						<line number="1222" hits="1"></line>
						<line number="1223" hits="1"></line>
						<line number="1226" hits="1"></line>
						<line number="1227" hits="1"></line>
						<line number="1228" hits="1"></line>
						<line number="1230" hits="1"></line>
						<line number="1232" hits="1"></line>
						<line number="1236" hits="1"></line>
						<line number="1237" hits="1"></line>
						<line number="1238" hits="1"></line>
						<line number="1241" hits="1"></line>
						<line number="1242" hits="1"></line>
						<line number="1243" hits="1"></line>
						<line number="1246" hits="1"></line>
						<line number="1247" hits="1"></line>
						<line number="1249" hits="1"></line>
						<line number="1250" hits="1"></line>
						<line number="1251" hits="1"></line>
						<line number="1252" hits="1"></line>
						<line number="1255" hits="0"></line>
						<line number="1258" hits="1"></line>
						<line number="1330" hits="1"></line>
						<line number="1331" hits="1"></line>
						<line number="1332" hits="1"></line>
						<line number="1333" hits="1"></line>
						<line number="1334" hits="1"></line>
						<line number="1335" hits="1"></line>
						<line number="1337" hits="1"></line>
						<line number="1338" hits="1"></line>
						<line number="1340" hits="1"></line>
						<line number="1341" hits="1"></line>
						<line number="1342" hits="1"></line>
						<line number="1343" hits="1"></line>
						<line number="1345" hits="1"></line>
						<line number="1346" hits="1"></line>
						<line number="1347" hits="1"></line>
						<line number="1349" hits="1"></line>
						<line number="1358" hits="1"></line>
						<line number="1360" hits="1"></line>
						<line number="1361" hits="1"></line>
						<line number="1362" hits="1"></line>
						<line number="1363" hits="1"></line>
						<line number="1365" hits="1"></line>
						<line number="1366" hits="1"></line>
						<line number="1367" hits="1"></line>
						<line number="1370" hits="1"></line>
						<line number="1371" hits="0"></line>
						<line number="1373" hits="1"></line>
						<line number="1374" hits="1"></line>
						<line number="1375" hits="1"></line>
						<line number="1376" hits="1"></line>
						<line number="1377" hits="1"></line>
						<line number="1379" hits="1"></line>
						<line number="1380" hits="1"></line>
						<line number="1381" hits="1"></line>
						<line number="1383" hits="1"></line>
						<line number="1386" hits="1"></line>
						<line number="1387" hits="1"></line>
						<line number="1388" hits="1"></line>
						<line number="1389" hits="1"></line>
						<line number="1391" hits="1"></line>
						<line number="1393" hits="1"></line>
						<line number="1394" hits="1"></line>
						<line number="1397" hits="0"></line>
						<line number="1402" hits="1"></line>
						<line number="1403" hits="1"></line>
						<line number="1405" hits="1"></line>
						<line number="1407" hits="1"></line>
						<line number="1408" hits="1"></line>
						<line number="1409" hits="1"></line>
						<line number="1410" hits="1"></line>
						<line number="1413" hits="1"></line>
						<line number="1414" hits="1"></line>
						<line number="1415" hits="1"></line>
						<line number="1416" hits="1"></line>
						<line number="1417" hits="1"></line>
						<line number="1419" hits="1"></line>
						<line number="1420" hits="1"></line>
						<line number="1423" hits="1"></line>
						<line number="1424" hits="1"></line>
						<line number="1425" hits="1"></line>
						<line number="1426" hits="1"></line>
						<line number="1428" hits="1"></line>
						<line number="1429" hits="1"></line>
						<line number="1432" hits="1"></line>
						<line number="1434" hits="1"></line>
						<line number="1438" hits="1"></line>
						<line number="1452" hits="1"></line>
						<line number="1453" hits="1"></line>
						<line number="1456" hits="1"></line>
						<line number="1457" hits="1"></line>
						<line number="1462" hits="1"></line>
						<line number="1463" hits="1"></line>
						<line number="1464" hits="1"></line>
						<line number="1465" hits="0"></line>
						<line number="1467" hits="1"></line>
						<line number="1468" hits="1"></line>
						<line number="1469" hits="1"></line>
						<line number="1470" hits="1"></line>
						<line number="1473" hits="1"></line>
						<line number="1474" hits="1"></line>
						<line number="1476" hits="1"></line>
						<line number="1481" hits="1"></line>
						<line number="1482" hits="1"></line>
						<line number="1483" hits="1"></line>
						<line number="1485" hits="1"></line>
						<line number="1487" hits="1"></line>
						<line number="1489" hits="1"></line>
						<line number="1492" hits="1"></line>
						<line number="1493" hits="1"></line>
						<line number="1494" hits="1"></line>
						<line number="1495" hits="0"></line>
						<line number="1497" hits="1"></line>
						<line number="1498" hits="1"></line>
						<line number="1500" hits="1"></line>
						<line number="1502" hits="1"></line>
						<line number="1513" hits="1"></line>
						<line number="1514" hits="1"></line>
						<line number="1517" hits="1"></line>
						<line number="1518" hits="1"></line>
						<line number="1519" hits="1"></line>
						<line number="1520" hits="1"></line>
						<line number="1521" hits="1"></line>
						<line number="1522" hits="1"></line>
						<line number="1523" hits="1"></line>
						<line number="1524" hits="1"></line>
						<line number="1526" hits="1"></line>
						<line number="1528" hits="1"></line>
						<line number="1530" hits="1"></line>
						<line number="1531" hits="1"></line>
						<line number="1534" hits="1"></line>
						<line number="1535" hits="1"></line>
						<line number="1537" hits="1"></line>
						<line number="1544" hits="1"></line>
						<line number="1545" hits="1"></line>
						<line number="1546" hits="1"></line>
						<line number="1549" hits="1"></line>
						<line number="1553" hits="1"></line>
						<line number="1554" hits="1"></line>
						<line number="1555" hits="1"></line>
						<line number="1556" hits="1"></line>
						<line number="1557" hits="1"></line>
						<line number="1559" hits="1"></line>
						<line number="1560" hits="1"></line>
						<line number="1561" hits="1"></line>
						<line number="1566" hits="0"></line>
						<line number="1568" hits="0"></line>
						<line number="1571" hits="0"></line>
						<line number="1575" hits="1"></line>
						<line number="1577" hits="1"></line>
						<line number="1579" hits="1"></line>
						<line number="1581" hits="1"></line>
						<line number="1583" hits="0"></line>
						<line number="1585" hits="0"></line>
						<line number="1604" hits="1"></line>
						<line number="1605" hits="1"></line>
						<line number="1606" hits="1"></line>
						<line number="1607" hits="1"></line>
						<line number="1615" hits="1"></line>
						<line number="1618" hits="1"></line>
						<line number="1619" hits="1"></line>
						<line number="1620" hits="1"></line>
						<line number="1622" hits="1"></line>
						<line number="1624" hits="1"></line>
						<line number="1629" hits="1"></line>
						<line number="1630" hits="1"></line>
						<line number="1631" hits="1"></line>
						<line number="1632" hits="1"></line>
						<line number="1633" hits="1"></line>
					</lines>
				</class>
				<class name="trimmer" filename="/go/src/github.com/antha-lang/antha/antha/printer/printer.go" line-rate="0" branch-rate="0" complexity="0">
					<methods>
						<method name="resetSpace" signature="" line-rate="0" branch-rate="0">
							<lines>
								<line number="1146" hits="1"></line>
								<line number="1147" hits="1"></line>
							</lines>
						</method>
						<method name="Write" signature="" line-rate="0" branch-rate="0">
							<lines>
								<line number="1164" hits="1"></line>
								<line number="1165" hits="1"></line>
								<line number="1166" hits="1"></line>
								<line number="1167" hits="1"></line>
								<line number="1168" hits="1"></line>
								<line number="1170" hits="1"></line>
								<line number="1172" hits="1"></line>
								<line number="1174" hits="1"></line>
								<line number="1176" hits="1"></line>
								<line number="1177" hits="1"></line>
								<line number="1179" hits="1"></line>
								<line number="1180" hits="1"></line>
								<line number="1181" hits="1"></line>
								<line number="1183" hits="1"></line>
								<line number="1184" hits="1"></line>
								<line number="1185" hits="1"></line>
								<line number="1188" hits="1"></line>
								<line number="1189" hits="1"></line>
								<line number="1190" hits="1"></line>
								<line number="1193" hits="1"></line>
								<line number="1195" hits="1"></line>
								<line number="1196" hits="1"></line>
								<line number="1197" hits="1"></line>
								<line number="1199" hits="1"></line>
								<line number="1200" hits="1"></line>
								<line number="1201" hits="1"></line>
								<line number="1203" hits="1"></line>
								<line number="1204" hits="1"></line>
								<line number="1205" hits="1"></line>
								<line number="1208" hits="0"></line>
								<line number="1210" hits="1"></line>
								<line number="1211" hits="0"></line>
								<line number="1214" hits="1"></line>
								<line number="1216" hits="1"></line>
								<line number="1218" hits="1"></line>
								<line number="1219" hits="1"></line>
								<line number="1222" hits="1"></line>
							</lines>
						</method>
					</methods>
					<lines>
						<line number="1146" hits="1"></line>
						<line number="1147" hits="1"></line>
						<line number="1164" hits="1"></line>
						<line number="1165" hits="1"></line>
						<line number="1166" hits="1"></line>
						<line number="1167" hits="1"></line>
						<line number="1168" hits="1"></line>
						<line number="1170" hits="1"></line>
						<line number="1172" hits="1"></line>
						<line number="1174" hits="1"></line>
						<line number="1176" hits="1"></line>
						<line number="1177" hits="1"></line>
						<line number="1179" hits="1"></line>
						<line number="1180" hits="1"></line>
						<line number="1181" hits="1"></line>
						<line number="1183" hits="1"></line>
						<line number="1184" hits="1"></line>
						<line number="1185" hits="1"></line>
						<line number="1188" hits="1"></line>
						<line number="1189" hits="1"></line>
						<line number="1190" hits="1"></line>
						<line number="1193" hits="1"></line>
						<line number="1195" hits="1"></line>
						<line number="1196" hits="1"></line>
						<line number="1197" hits="1"></line>
						<line number="1199" hits="1"></line>
						<line number="1200" hits="1"></line>
						<line number="1201" hits="1"></line>
						<line number="1203" hits="1"></line>
						<line number="1204" hits="1"></line>
						<line number="1205" hits="1"></line>
						<line number="1208" hits="0"></line>
						<line number="1210" hits="1"></line>
						<line number="1211" hits="0"></line>
						<line number="1214" hits="1"></line>
						<line number="1216" hits="1"></line>
						<line number="1218" hits="1"></line>
						<line number="1219" hits="1"></line>
						<line number="1222" hits="1"></line>
					</lines>
				</class>
				<class name="Config" filename="/go/src/github.com/antha-lang/antha/antha/printer/printer.go" line-rate="0" branch-rate="0" complexity="0">
					<methods>
						<method name="fprint" signature="" line-rate="0" branch-rate="0">
							<lines>
								<line number="1248" hits="1"></line>
								<line number="1249" hits="1"></line>
								<line number="1250" hits="1"></line>
								<line number="1251" hits="0"></line>
								<line number="1254" hits="1"></line>
								<line number="1255" hits="1"></line>
								<line number="1261" hits="1"></line>
								<line number="1264" hits="1"></line>
								<line number="1265" hits="1"></line>
								<line number="1267" hits="1"></line>
								<line number="1268" hits="1"></line>
								<line number="1269" hits="1"></line>
								<line number="1272" hits="1"></line>
								<line number="1273" hits="1"></line>
								<line number="1274" hits="0"></line>
								<line number="1275" hits="0"></line>
								<line number="1278" hits="1"></line>
								<line number="1282" hits="1"></line>
								<line number="1283" hits="0"></line>
								<line number="1287" hits="1"></line>
								<line number="1288" hits="1"></line>
								<line number="1291" hits="1"></line>
							</lines>
						</method>
						<method name="Fprint" signature="" line-rate="0" branch-rate="0">
							<lines>
								<line number="1308" hits="1"></line>
							</lines>
						</method>
					</methods>
					<lines>
						<line number="1248" hits="1"></line>
						<line number="1249" hits="1"></line>
						<line number="1250" hits="1"></line>
						<line number="1251" hits="0"></line>
						<line number="1254" hits="1"></line>
						<line number="1255" hits="1"></line>
						<line number="1261" hits="1"></line>
						<line number="1264" hits="1"></line>
						<line number="1265" hits="1"></line>
						<line number="1267" hits="1"></line>
						<line number="1268" hits="1"></line>
						<line number="1269" hits="1"></line>
						<line number="1272" hits="1"></line>
						<line number="1273" hits="1"></line>
						<line number="1274" hits="0"></line>
						<line number="1275" hits="0"></line>
						<line number="1278" hits="1"></line>
						<line number="1282" hits="1"></line>
						<line number="1283" hits="0"></line>
						<line number="1287" hits="1"></line>
						<line number="1288" hits="1"></line>
						<line number="1291" hits="1"></line>
						<line number="1308" hits="1"></line>
					</lines>
				</class>
				<class name="printer" filename="/go/src/github.com/antha-lang/antha/antha/printer/printer.go" line-rate="0" branch-rate="0" complexity="0">
					<methods>
						<method name="init" signature="" line-rate="0" branch-rate="0">
							<lines>
								<line number="116" hits="1"></line>
								<line number="117" hits="1"></line>
								<line number="118" hits="1"></line>
								<line number="119" hits="1"></line>
								<line number="120" hits="1"></line>
								<line number="121" hits="1"></line>
								<line number="122" hits="1"></line>
							</lines>
						</method>
						<method name="internalError" signature="" line-rate="0" branch-rate="0">
							<lines>
								<line number="126" hits="0"></line>
								<line number="127" hits="0"></line>
								<line number="128" hits="0"></line>
								<line number="129" hits="0"></line>
							</lines>
						</method>
						<method name="commentsHaveNewline" signature="" line-rate="0" branch-rate="0">
							<lines>
								<line number="138" hits="1"></line>
								<line number="139" hits="1"></line>
								<line number="140" hits="1"></line>
								<line number="142" hits="1"></line>
								<line number="144" hits="1"></line>
								<line number="145" hits="1"></line>
								<line number="148" hits="1"></line>
								<line number="149" hits="1"></line>
[...]
						<line number="256" hits="1"></line>
						<line number="259" hits="1"></line>
						<line number="260" hits="1"></line>
						<line number="264" hits="1"></line>
						<line number="265" hits="1"></line>
						<line number="266" hits="1"></line>
						<line number="267" hits="1"></line>
						<line number="268" hits="1"></line>
						<line number="269" hits="1"></line>
						<line number="270" hits="1"></line>
						<line number="272" hits="1"></line>
						<line number="273" hits="1"></line>
						<line number="288" hits="1"></line>
						<line number="289" hits="1"></line>
						<line number="292" hits="1"></line>
						<line number="297" hits="1"></line>
						<line number="300" hits="1"></line>
						<line number="305" hits="1"></line>
						<line number="308" hits="1"></line>
						<line number="309" hits="0"></line>
						<line number="311" hits="1"></line>
						<line number="314" hits="1"></line>
						<line number="315" hits="1"></line>
						<line number="316" hits="1"></line>
						<line number="318" hits="1"></line>
						<line number="319" hits="1"></line>
						<line number="320" hits="1"></line>
						<line number="323" hits="1"></line>
						<line number="324" hits="1"></line>
						<line number="325" hits="1"></line>
						<line number="326" hits="1"></line>
						<line number="327" hits="1"></line>
						<line number="328" hits="1"></line>
						<line number="329" hits="1"></line>
						<line number="331" hits="1"></line>
						<line number="332" hits="1"></line>
						<line number="335" hits="1"></line>
						<line number="336" hits="1"></line>
						<line number="339" hits="1"></line>
						<line number="350" hits="1"></line>
						<line number="352" hits="1"></line>
						<line number="355" hits="1"></line>
						<line number="357" hits="0"></line>
						<line number="358" hits="0"></line>
						<line number="361" hits="1"></line>
						<line number="364" hits="1"></line>
						<line number="365" hits="1"></line>
						<line number="367" hits="1"></line>
						<line number="368" hits="1"></line>
						<line number="369" hits="1"></line>
						<line number="372" hits="1"></line>
						<line number="373" hits="1"></line>
						<line number="377" hits="1"></line>
						<line number="378" hits="1"></line>
						<line number="381" hits="1"></line>
						<line number="383" hits="1"></line>
						<line number="384" hits="1"></line>
						<line number="386" hits="1"></line>
						<line number="389" hits="1"></line>
						<line number="390" hits="1"></line>
						<line number="391" hits="1"></line>
						<line number="395" hits="1"></line>
						<line number="397" hits="1"></line>
						<line number="403" hits="1"></line>
						<line number="404" hits="1"></line>
						<line number="405" hits="1"></line>
						<line number="406" hits="1"></line>
						<line number="409" hits="1"></line>
						<line number="410" hits="1"></line>
						<line number="413" hits="1"></line>
						<line number="419" hits="1"></line>
						<line number="420" hits="1"></line>
						<line number="428" hits="1"></line>
						<line number="429" hits="1"></line>
						<line number="432" hits="1"></line>
						<line number="433" hits="1"></line>
						<line number="435" hits="1"></line>
						<line number="436" hits="1"></line>
						<line number="438" hits="1"></line>
						<line number="441" hits="1"></line>
						<line number="442" hits="1"></line>
						<line number="443" hits="1"></line>
						<line number="444" hits="1"></line>
						<line number="445" hits="1"></line>
						<line number="453" hits="1"></line>
						<line number="454" hits="1"></line>
						<line number="459" hits="1"></line>
						<line number="460" hits="1"></line>
						<line number="463" hits="1"></line>
						<line number="467" hits="1"></line>
						<line number="631" hits="1"></line>
						<line number="632" hits="1"></line>
						<line number="634" hits="1"></line>
						<line number="635" hits="1"></line>
						<line number="637" hits="1"></line>
						<line number="638" hits="1"></line>
						<line number="639" hits="1"></line>
						<line number="644" hits="1"></line>
						<line number="645" hits="1"></line>
						<line number="646" hits="1"></line>
						<line number="657" hits="1"></line>
						<line number="658" hits="1"></line>
						<line number="659" hits="1"></line>
						<line number="664" hits="1"></line>
						<line number="672" hits="1"></line>
						<line number="673" hits="1"></line>
						<line number="674" hits="1"></line>
						<line number="678" hits="1"></line>
						<line number="682" hits="1"></line>
						<line number="683" hits="1"></line>
						<line number="684" hits="1"></line>
						<line number="685" hits="1"></line>
						<line number="687" hits="1"></line>
						<line number="688" hits="1"></line>
						<line number="701" hits="1"></line>
						<line number="702" hits="1"></line>
						<line number="705" hits="1"></line>
						<line number="711" hits="1"></line>
						<line number="712" hits="1"></line>
						<line number="713" hits="1"></line>
						<line number="715" hits="1"></line>
						<line number="716" hits="1"></line>
						<line number="718" hits="1"></line>
						<line number="722" hits="1"></line>
						<line number="725" hits="1"></line>
						<line number="726" hits="1"></line>
						<line number="727" hits="1"></line>
						<line number="730" hits="1"></line>
						<line number="740" hits="1"></line>
						<line number="741" hits="1"></line>
						<line number="742" hits="1"></line>
						<line number="743" hits="1"></line>
						<line number="744" hits="1"></line>
						<line number="745" hits="1"></line>
						<line number="747" hits="1"></line>
						<line number="750" hits="1"></line>
						<line number="755" hits="1"></line>
						<line number="760" hits="1"></line>
						<line number="764" hits="1"></line>
						<line number="768" hits="1"></line>
						<line number="773" hits="0"></line>
						<line number="774" hits="0"></line>
						<line number="780" hits="1"></line>
						<line number="781" hits="1"></line>
						<line number="785" hits="1"></line>
						<line number="787" hits="1"></line>
						<line number="788" hits="1"></line>
						<line number="789" hits="0"></line>
						<line number="790" hits="0"></line>
						<line number="799" hits="1"></line>
						<line number="805" hits="1"></line>
						<line number="806" hits="1"></line>
						<line number="807" hits="1"></line>
						<line number="809" hits="1"></line>
						<line number="811" hits="1"></line>
						<line number="816" hits="1"></line>
						<line number="817" hits="1"></line>
						<line number="861" hits="1"></line>
						<line number="863" hits="1"></line>
						<line number="864" hits="1"></line>
						<line number="865" hits="1"></line>
						<line number="868" hits="1"></line>
						<line number="872" hits="1"></line>
						<line number="875" hits="1"></line>
						<line number="878" hits="1"></line>
						<line number="881" hits="1"></line>
						<line number="882" hits="1"></line>
						<line number="885" hits="1"></line>
						<line number="889" hits="1"></line>
						<line number="891" hits="1"></line>
						<line number="892" hits="1"></line>
						<line number="896" hits="0"></line>
						<line number="897" hits="0"></line>
						<line number="899" hits="1"></line>
						<line number="900" hits="1"></line>
						<line number="901" hits="1"></line>
						<line number="906" hits="1"></line>
						<line number="908" hits="1"></line>
						<line number="909" hits="1"></line>
						<line number="912" hits="1"></line>
						<line number="913" hits="1"></line>
						<line number="914" hits="1"></line>
						<line number="917" hits="1"></line>
						<line number="918" hits="1"></line>
						<line number="919" hits="1"></line>
						<line number="920" hits="1"></line>
						<line number="923" hits="1"></line>
						<line number="924" hits="1"></line>
						<line number="931" hits="1"></line>
						<line number="932" hits="0"></line>
						<line number="934" hits="1"></line>
						<line number="935" hits="1"></line>
						<line number="937" hits="1"></line>
						<line number="939" hits="1"></line>
						<line number="942" hits="1"></line>
						<line number="944" hits="1"></line>
						<line number="947" hits="1"></line>
						<line number="948" hits="1"></line>
						<line number="950" hits="1"></line>
						<line number="954" hits="1"></line>
						<line number="955" hits="1"></line>
						<line number="956" hits="1"></line>
						<line number="957" hits="1"></line>
						<line number="960" hits="0"></line>
						<line number="961" hits="0"></line>
						<line number="965" hits="1"></line>
						<line number="966" hits="1"></line>
						<line number="971" hits="1"></line>
						<line number="972" hits="1"></line>
						<line number="974" hits="1"></line>
						<line number="975" hits="1"></line>
						<line number="977" hits="1"></line>
						<line number="978" hits="1"></line>
						<line number="979" hits="1"></line>
						<line number="980" hits="1"></line>
						<line number="982" hits="1"></line>
						<line number="983" hits="1"></line>
						<line number="988" hits="1"></line>
						<line number="989" hits="1"></line>
						<line number="990" hits="1"></line>
						<line number="993" hits="1"></line>
						<line number="994" hits="1"></line>
						<line number="1004" hits="1"></line>
						<line number="1006" hits="1"></line>
						<line number="1009" hits="1"></line>
						<line number="1011" hits="1"></line>
						<line number="1039" hits="1"></line>
						<line number="1040" hits="1"></line>
						<line number="1041" hits="0"></line>
						<line number="1042" hits="0"></line>
						<line number="1045" hits="1"></line>
						<line number="1047" hits="0"></line>
						<line number="1048" hits="0"></line>
						<line number="1049" hits="0"></line>
						<line number="1051" hits="0"></line>
						<line number="1052" hits="0"></line>
						<line number="1057" hits="0"></line>
						<line number="1058" hits="0"></line>
						<line number="1062" hits="0"></line>
						<line number="1063" hits="0"></line>
						<line number="1064" hits="0"></line>
						<line number="1066" hits="0"></line>
						<line number="1067" hits="0"></line>
						<line number="1068" hits="0"></line>
						<line number="1070" hits="0"></line>
						<line number="1071" hits="0"></line>
						<line number="1073" hits="1"></line>
						<line number="1075" hits="1"></line>
						<line number="1079" hits="1"></line>
						<line number="1082" hits="1"></line>
						<line number="1085" hits="1"></line>
						<line number="1087" hits="1"></line>
						<line number="1091" hits="1"></line>
						<line number="1092" hits="0"></line>
						<line number="1094" hits="1"></line>
						<line number="1096" hits="0"></line>
						<line number="1098" hits="0"></line>
						<line number="1102" hits="1"></line>
						<line number="1103" hits="1"></line>
						<line number="1104" hits="0"></line>
						<line number="1107" hits="1"></line>
						<line number="1109" hits="1"></line>
						<line number="1111" hits="1"></line>
						<line number="1113" hits="0"></line>
						<line number="1116" hits="1"></line>
						<line number="1118" hits="1"></line>
					</lines>
				</class>
				<class name="-" filename="/go/src/github.com/antha-lang/antha/antha/printer/printer.go" line-rate="0" branch-rate="0" complexity="0">
					<methods>
						<method name="@182:8" signature="" line-rate="0" branch-rate="0">
							<lines>
								<line number="183" hits="1"></line>
							</lines>
						</method>
						<method name="isBlank" signature="" line-rate="0" branch-rate="0">
							<lines>
								<line number="476" hits="1"></line>
								<line number="477" hits="1"></line>
								<line number="478" hits="1"></line>
								<line number="481" hits="1"></line>
							</lines>
						</method>
						<method name="commonPrefix" signature="" line-rate="0" branch-rate="0">
							<lines>
								<line number="486" hits="1"></line>
								<line number="487" hits="1"></line>
								<line number="488" hits="1"></line>
								<line number="490" hits="1"></line>
							</lines>
						</method>
						<method name="trimRight" signature="" line-rate="0" branch-rate="0">
							<lines>
								<line number="495" hits="1"></line>
							</lines>
						</method>
						<method name="stripCommonPrefix" signature="" line-rate="0" branch-rate="0">
							<lines>
								<line number="505" hits="1"></line>
								<line number="506" hits="1"></line>
								<line number="528" hits="1"></line>
								<line number="529" hits="1"></line>
								<line number="530" hits="1"></line>
								<line number="531" hits="1"></line>
								<line number="532" hits="1"></line>
								<line number="534" hits="1"></line>
								<line number="536" hits="1"></line>
								<line number="537" hits="1"></line>
								<line number="539" hits="1"></line>
								<line number="543" hits="1"></line>
								<line number="544" hits="1"></line>
								<line number="550" hits="1"></line>
								<line number="551" hits="1"></line>
								<line number="553" hits="1"></line>
								<line number="554" hits="1"></line>
								<line number="556" hits="1"></line>
								<line number="557" hits="1"></line>
								<line number="566" hits="1"></line>
								<line number="567" hits="1"></line>
								<line number="573" hits="1"></line>
								<line number="574" hits="1"></line>
								<line number="575" hits="1"></line>
								<line number="577" hits="1"></line>
								<line number="578" hits="1"></line>
								<line number="580" hits="1"></line>
								<line number="583" hits="1"></line>
								<line number="584" hits="1"></line>
								<line number="585" hits="1"></line>
								<line number="586" hits="1"></line>
								<line number="587" hits="1"></line>
								<line number="589" hits="1"></line>
								<line number="591" hits="1"></line>
								<line number="594" hits="1"></line>
								<line number="595" hits="1"></line>
								<line number="599" hits="1"></line>
								<line number="606" hits="1"></line>
								<line number="607" hits="1"></line>
								<line number="608" hits="1"></line>
								<line number="609" hits="1"></line>
								<line number="611" hits="1"></line>
								<line number="612" hits="1"></line>
								<line number="614" hits="1"></line>
								<line number="619" hits="1"></line>
								<line number="623" hits="1"></line>
								<line number="624" hits="1"></line>
								<line number="625" hits="1"></line>
							</lines>
						</method>
						<method name="@646:11" signature="" line-rate="0" branch-rate="0">
							<lines>
								<line number="647" hits="1"></line>
								<line number="648" hits="1"></line>
								<line number="649" hits="1"></line>
								<line number="650" hits="1"></line>
							</lines>
						</method>
						<method name="nlimit" signature="" line-rate="0" branch-rate="0">
							<lines>
								<line number="825" hits="1"></line>
								<line number="826" hits="1"></line>
								<line number="828" hits="1"></line>
							</lines>
						</method>
						<method name="mayCombine" signature="" line-rate="0" branch-rate="0">
							<lines>
								<line number="832" hits="1"></line>
								<line number="834" hits="1"></line>
								<line number="836" hits="1"></line>
								<line number="838" hits="0"></line>
								<line number="840" hits="0"></line>
								<line number="842" hits="0"></line>
								<line number="844" hits="0"></line>
								<line number="846" hits="1"></line>
							</lines>
						</method>
						<method name="getDoc" signature="" line-rate="0" branch-rate="0">
							<lines>
								<line number="1016" hits="1"></line>
								<line number="1018" hits="0"></line>
								<line number="1020" hits="0"></line>
								<line number="1022" hits="0"></line>
								<line number="1024" hits="0"></line>
								<line number="1026" hits="1"></line>
								<line number="1028" hits="1"></line>
								<line number="1030" hits="0"></line>
								<line number="1032" hits="0"></line>
								<line number="1034" hits="1"></line>
							</lines>
						</method>
						<method name="Fprint" signature="" line-rate="0" branch-rate="0">
							<lines>
								<line number="1315" hits="1"></line>
							</lines>
						</method>
					</methods>
					<lines>
						<line number="183" hits="1"></line>
						<line number="476" hits="1"></line>
						<line number="477" hits="1"></line>
						<line number="478" hits="1"></line>
						<line number="481" hits="1"></line>
						<line number="486" hits="1"></line>
						<line number="487" hits="1"></line>
						<line number="488" hits="1"></line>
						<line number="490" hits="1"></line>
						<line number="495" hits="1"></line>
						<line number="505" hits="1"></line>
						<line number="506" hits="1"></line>
						<line number="528" hits="1"></line>
						<line number="529" hits="1"></line>
						<line number="530" hits="1"></line>
						<line number="531" hits="1"></line>
						<line number="532" hits="1"></line>
						<line number="534" hits="1"></line>
						<line number="536" hits="1"></line>
						<line number="537" hits="1"></line>
						<line number="539" hits="1"></line>
						<line number="543" hits="1"></line>
						<line number="544" hits="1"></line>
						<line number="550" hits="1"></line>
						<line number="551" hits="1"></line>
						<line number="553" hits="1"></line>
						<line number="554" hits="1"></line>
						<line number="556" hits="1"></line>
						<line number="557" hits="1"></line>
						<line number="566" hits="1"></line>
						<line number="567" hits="1"></line>
						<line number="573" hits="1"></line>
						<line number="574" hits="1"></line>
						<line number="575" hits="1"></line>
						<line number="577" hits="1"></line>
						<line number="578" hits="1"></line>
						<line number="580" hits="1"></line>
						<line number="583" hits="1"></line>
						<line number="584" hits="1"></line>
						<line number="585" hits="1"></line>
						<line number="586" hits="1"></line>
						<line number="587" hits="1"></line>
						<line number="589" hits="1"></line>
						<line number="591" hits="1"></line>
						<line number="594" hits="1"></line>
						<line number="595" hits="1"></line>
						<line number="599" hits="1"></line>
						<line number="606" hits="1"></line>
						<line number="607" hits="1"></line>
						<line number="608" hits="1"></line>
						<line number="609" hits="1"></line>
						<line number="611" hits="1"></line>
						<line number="612" hits="1"></line>
						<line number="614" hits="1"></line>
						<line number="619" hits="1"></line>
						<line number="623" hits="1"></line>
						<line number="624" hits="1"></line>
						<line number="625" hits="1"></line>
						<line number="647" hits="1"></line>
						<line number="648" hits="1"></line>
						<line number="649" hits="1"></line>
						<line number="650" hits="1"></line>
						<line number="825" hits="1"></line>
						<line number="826" hits="1"></line>
						<line number="828" hits="1"></line>
						<line number="832" hits="1"></line>
						<line number="834" hits="1"></line>
						<line number="836" hits="1"></line>
						<line number="838" hits="0"></line>
						<line number="840" hits="0"></line>
						<line number="842" hits="0"></line>
						<line number="844" hits="0"></line>
						<line number="846" hits="1"></line>
						<line number="1016" hits="1"></line>
						<line number="1018" hits="0"></line>
						<line number="1020" hits="0"></line>
						<line number="1022" hits="0"></line>
						<line number="1024" hits="0"></line>
						<line number="1026" hits="1"></line>
						<line number="1028" hits="1"></line>
						<line number="1030" hits="0"></line>
						<line number="1032" hits="0"></line>
						<line number="1034" hits="1"></line>
						<line number="1315" hits="1"></line>
					</lines>
				</class>
			</classes>
		</package>
	</packages>
</coverage>
